#Build: Fabric Compiler 2022.1, Build 99559, Jul 12 00:20 2022
#Install: E:\software\PDS_2022.1\bin
#Application name: pds.exe
#OS: Windows 10 10.0.22000
#Hostname: DESKTOP-7S7UGPP
Generated by Fabric Compiler (version 2022.1 build 99559) at Tue May 16 00:25:24 2023
Parse module hierarchy of project 'C:/Users/wkk/Desktop/program/program/temp_projects/Main_Flow/Main_Flow.pds' (ADS Parser)


Process "Synthesize" started.
Current time: Tue May 16 00:25:34 2023
Compiling architecture definition.
Analyzing project file 'C:/Users/wkk/Desktop/program/program/program.pds'.
E: Flow-0028: Synplify pro license is not set.
Program Error Out.
E: FileSystem-0002: Open file 'C:/Users/wkk/Desktop/program/program/synthesize/synplify_impl/synplify.srr' failed.
Program Error Out.


Process "Synthesize" started.
Current time: Tue May 16 00:25:53 2023
Compiling architecture definition.
Analyzing project file 'C:/Users/wkk/Desktop/program/program/program.pds'.
E: Flow-0028: Synplify pro license is not set.
Program Error Out.
E: FileSystem-0002: Open file 'C:/Users/wkk/Desktop/program/program/synthesize/synplify_impl/synplify.srr' failed.
Program Error Out.
