#Build: Fabric Compiler 2022.1, Build 99559, Jul 12 00:20 2022
#Install: E:\software\PDS_2022.1\bin
#Application name: pds.exe
#OS: Windows 10 10.0.22000
#Hostname: DESKTOP-7S7UGPP
Generated by Fabric Compiler (version 2022.1 build 99559) at Tue May 16 00:19:02 2023
Parse module hierarchy of project 'C:/Users/wkk/Desktop/program/program/temp_projects/Main_Flow/Main_Flow.pds' (ADS Parser)
E: Verilog-4039: [C:/Users/wkk/Desktop/program/program/source/hdmi_top.v(line number: 58)] Identifier cfg_clk is not declared
E: Verilog-4039: [C:/Users/wkk/Desktop/program/program/source/hdmi_top.v(line number: 60)] Identifier locked is not declared
E: Verilog-4039: [C:/Users/wkk/Desktop/program/program/source/hdmi_top.v(line number: 61)] Identifier rstn_1ms is not declared
E: Verilog-4039: [C:/Users/wkk/Desktop/program/program/source/hdmi_top.v(line number: 64)] Identifier rstn_1ms is not declared
E: Verilog-4039: [C:/Users/wkk/Desktop/program/program/source/hdmi_top.v(line number: 65)] Identifier rstn_1ms is not declared
E: Verilog-4039: [C:/Users/wkk/Desktop/program/program/source/hdmi_top.v(line number: 65)] Identifier rstn_1ms is not declared
E: Verilog-4039: [C:/Users/wkk/Desktop/program/program/source/hdmi_top.v(line number: 67)] Identifier rstn_1ms is not declared
E: Verilog-4039: [C:/Users/wkk/Desktop/program/program/source/hdmi_top.v(line number: 67)] Identifier rstn_1ms is not declared
E: Verilog-4039: [C:/Users/wkk/Desktop/program/program/source/hdmi_top.v(line number: 71)] Identifier rstn_1ms is not declared
E: Parsing ERROR.
Parse module hierarchy of project 'C:/Users/wkk/Desktop/program/program/temp_projects/Main_Flow/Main_Flow.pds' (ADS Parser)
I: Flow-6004: Design file modified: "C:/Users/wkk/Desktop/program/program/source/hdmi_top.v". 
E: Verilog-4039: [C:/Users/wkk/Desktop/program/program/source/hdmi_top.v(line number: 58)] Identifier cfg_clk is not declared
E: Verilog-4039: [C:/Users/wkk/Desktop/program/program/source/hdmi_top.v(line number: 60)] Identifier locked is not declared
E: Verilog-4039: [C:/Users/wkk/Desktop/program/program/source/hdmi_top.v(line number: 61)] Identifier rstn_1ms is not declared
E: Verilog-4039: [C:/Users/wkk/Desktop/program/program/source/hdmi_top.v(line number: 64)] Identifier rstn_1ms is not declared
E: Verilog-4039: [C:/Users/wkk/Desktop/program/program/source/hdmi_top.v(line number: 65)] Identifier rstn_1ms is not declared
E: Verilog-4039: [C:/Users/wkk/Desktop/program/program/source/hdmi_top.v(line number: 65)] Identifier rstn_1ms is not declared
E: Verilog-4039: [C:/Users/wkk/Desktop/program/program/source/hdmi_top.v(line number: 67)] Identifier rstn_1ms is not declared
E: Verilog-4039: [C:/Users/wkk/Desktop/program/program/source/hdmi_top.v(line number: 67)] Identifier rstn_1ms is not declared
E: Verilog-4039: [C:/Users/wkk/Desktop/program/program/source/hdmi_top.v(line number: 71)] Identifier rstn_1ms is not declared
E: Parsing ERROR.
Parse module hierarchy of project 'C:/Users/wkk/Desktop/program/program/temp_projects/Main_Flow/Main_Flow.pds' (ADS Parser)
I: Flow-6004: Design file modified: "C:/Users/wkk/Desktop/program/program/source/hdmi_top.v". 
E: Verilog-4039: [C:/Users/wkk/Desktop/program/program/source/hdmi_top.v(line number: 60)] Identifier locked is not declared
E: Verilog-4039: [C:/Users/wkk/Desktop/program/program/source/hdmi_top.v(line number: 61)] Identifier rstn_1ms is not declared
E: Verilog-4039: [C:/Users/wkk/Desktop/program/program/source/hdmi_top.v(line number: 64)] Identifier rstn_1ms is not declared
E: Verilog-4039: [C:/Users/wkk/Desktop/program/program/source/hdmi_top.v(line number: 65)] Identifier rstn_1ms is not declared
E: Verilog-4039: [C:/Users/wkk/Desktop/program/program/source/hdmi_top.v(line number: 65)] Identifier rstn_1ms is not declared
E: Verilog-4039: [C:/Users/wkk/Desktop/program/program/source/hdmi_top.v(line number: 67)] Identifier rstn_1ms is not declared
E: Verilog-4039: [C:/Users/wkk/Desktop/program/program/source/hdmi_top.v(line number: 67)] Identifier rstn_1ms is not declared
E: Verilog-4039: [C:/Users/wkk/Desktop/program/program/source/hdmi_top.v(line number: 71)] Identifier rstn_1ms is not declared
E: Parsing ERROR.
Parse module hierarchy of project 'C:/Users/wkk/Desktop/program/program/temp_projects/Main_Flow/Main_Flow.pds' (ADS Parser)
I: Flow-6004: Design file modified: "C:/Users/wkk/Desktop/program/program/source/hdmi_top.v". 
E: Verilog-4039: [C:/Users/wkk/Desktop/program/program/source/hdmi_top.v(line number: 19)] Identifier clk_locked is not declared
E: Verilog-4159: [C:/Users/wkk/Desktop/program/program/source/hdmi_top.v(line number: 19)] Type clk_locked is not a known type.
E: Verilog-4005: [C:/Users/wkk/Desktop/program/program/source/hdmi_top.v(line number: 21)] Syntax error near output
E: Verilog-4163: [C:/Users/wkk/Desktop/program/program/source/hdmi_top.v(line number: 21)] Global declarations are illegal in verilog, Enable SystemVerilog features first.
E: Verilog-4163: [C:/Users/wkk/Desktop/program/program/source/hdmi_top.v(line number: 41)] Global declarations are illegal in verilog, Enable SystemVerilog features first.
E: Verilog-4163: [C:/Users/wkk/Desktop/program/program/source/hdmi_top.v(line number: 42)] Global declarations are illegal in verilog, Enable SystemVerilog features first.
E: Verilog-4163: [C:/Users/wkk/Desktop/program/program/source/hdmi_top.v(line number: 43)] Global declarations are illegal in verilog, Enable SystemVerilog features first.
E: Verilog-4163: [C:/Users/wkk/Desktop/program/program/source/hdmi_top.v(line number: 44)] Global declarations are illegal in verilog, Enable SystemVerilog features first.
E: Verilog-4163: [C:/Users/wkk/Desktop/program/program/source/hdmi_top.v(line number: 45)] Global declarations are illegal in verilog, Enable SystemVerilog features first.
E: Verilog-4005: [C:/Users/wkk/Desktop/program/program/source/hdmi_top.v(line number: 47)] Syntax error near (
E: Verilog-4163: [C:/Users/wkk/Desktop/program/program/source/hdmi_top.v(line number: 47)] Global declarations are illegal in verilog, Enable SystemVerilog features first.
E: Verilog-4163: [C:/Users/wkk/Desktop/program/program/source/hdmi_top.v(line number: 57)] Global declarations are illegal in verilog, Enable SystemVerilog features first.
E: Verilog-4163: [C:/Users/wkk/Desktop/program/program/source/hdmi_top.v(line number: 59)] Global declarations are illegal in verilog, Enable SystemVerilog features first.
E: Verilog-4163: [C:/Users/wkk/Desktop/program/program/source/hdmi_top.v(line number: 65)] Global declarations are illegal in verilog, Enable SystemVerilog features first.
E: Verilog-4163: [C:/Users/wkk/Desktop/program/program/source/hdmi_top.v(line number: 68)] Global declarations are illegal in verilog, Enable SystemVerilog features first.
E: Verilog-4163: [C:/Users/wkk/Desktop/program/program/source/hdmi_top.v(line number: 72)] Global declarations are illegal in verilog, Enable SystemVerilog features first.
E: Verilog-4163: [C:/Users/wkk/Desktop/program/program/source/hdmi_top.v(line number: 74)] Global declarations are illegal in verilog, Enable SystemVerilog features first.
E: Verilog-4163: [C:/Users/wkk/Desktop/program/program/source/hdmi_top.v(line number: 101)] Global declarations are illegal in verilog, Enable SystemVerilog features first.
E: Parsing ERROR.
Parse module hierarchy of project 'C:/Users/wkk/Desktop/program/program/temp_projects/Main_Flow/Main_Flow.pds' (ADS Parser)
I: Flow-6004: Design file modified: "C:/Users/wkk/Desktop/program/program/source/hdmi_top.v". 
E: Verilog-4039: [C:/Users/wkk/Desktop/program/program/source/hdmi_top.v(line number: 61)] Identifier locked is not declared
E: Verilog-4039: [C:/Users/wkk/Desktop/program/program/source/hdmi_top.v(line number: 62)] Identifier rstn_1ms is not declared
E: Verilog-4039: [C:/Users/wkk/Desktop/program/program/source/hdmi_top.v(line number: 65)] Identifier rstn_1ms is not declared
E: Verilog-4039: [C:/Users/wkk/Desktop/program/program/source/hdmi_top.v(line number: 66)] Identifier rstn_1ms is not declared
E: Verilog-4039: [C:/Users/wkk/Desktop/program/program/source/hdmi_top.v(line number: 66)] Identifier rstn_1ms is not declared
E: Verilog-4039: [C:/Users/wkk/Desktop/program/program/source/hdmi_top.v(line number: 68)] Identifier rstn_1ms is not declared
E: Verilog-4039: [C:/Users/wkk/Desktop/program/program/source/hdmi_top.v(line number: 68)] Identifier rstn_1ms is not declared
E: Verilog-4039: [C:/Users/wkk/Desktop/program/program/source/hdmi_top.v(line number: 72)] Identifier rstn_1ms is not declared
E: Parsing ERROR.
Parse module hierarchy of project 'C:/Users/wkk/Desktop/program/program/temp_projects/Main_Flow/Main_Flow.pds' (ADS Parser)
I: Flow-6004: Design file modified: "C:/Users/wkk/Desktop/program/program/source/top.v". 
E: Verilog-4039: [C:/Users/wkk/Desktop/program/program/source/hdmi_top.v(line number: 61)] Identifier locked is not declared
E: Verilog-4039: [C:/Users/wkk/Desktop/program/program/source/hdmi_top.v(line number: 62)] Identifier rstn_1ms is not declared
E: Verilog-4039: [C:/Users/wkk/Desktop/program/program/source/hdmi_top.v(line number: 65)] Identifier rstn_1ms is not declared
E: Verilog-4039: [C:/Users/wkk/Desktop/program/program/source/hdmi_top.v(line number: 66)] Identifier rstn_1ms is not declared
E: Verilog-4039: [C:/Users/wkk/Desktop/program/program/source/hdmi_top.v(line number: 66)] Identifier rstn_1ms is not declared
E: Verilog-4039: [C:/Users/wkk/Desktop/program/program/source/hdmi_top.v(line number: 68)] Identifier rstn_1ms is not declared
E: Verilog-4039: [C:/Users/wkk/Desktop/program/program/source/hdmi_top.v(line number: 68)] Identifier rstn_1ms is not declared
E: Verilog-4039: [C:/Users/wkk/Desktop/program/program/source/hdmi_top.v(line number: 72)] Identifier rstn_1ms is not declared
E: Parsing ERROR.
Parse module hierarchy of project 'C:/Users/wkk/Desktop/program/program/temp_projects/Main_Flow/Main_Flow.pds' (ADS Parser)
I: Flow-6004: Design file modified: "C:/Users/wkk/Desktop/program/program/source/hdmi_top.v". 
E: Verilog-4039: [C:/Users/wkk/Desktop/program/program/source/hdmi_top.v(line number: 62)] Identifier locked is not declared
E: Parsing ERROR.
Parse module hierarchy of project 'C:/Users/wkk/Desktop/program/program/temp_projects/Main_Flow/Main_Flow.pds' (ADS Parser)
I: Flow-6004: Design file modified: "C:/Users/wkk/Desktop/program/program/source/hdmi_top.v". 
E: Verilog-4133: [C:/Users/wkk/Desktop/program/program/source/top.v(line number: 40)] Connection vs_out for output of module instantiation is not wire
Parse module hierarchy of project 'C:/Users/wkk/Desktop/program/program/temp_projects/Main_Flow/Main_Flow.pds' (ADS Parser)
I: Flow-6004: Design file modified: "C:/Users/wkk/Desktop/program/program/source/top.v". 


Process "Synthesize" started.
Current time: Tue May 16 00:23:31 2023
Compiling architecture definition.
Analyzing project file 'C:/Users/wkk/Desktop/program/program/program.pds'.
E: Flow-0028: Synplify pro license is not set.
Program Error Out.
E: FileSystem-0002: Open file 'C:/Users/wkk/Desktop/program/program/synthesize/synplify_impl/synplify.srr' failed.
Program Error Out.


Process "Synthesize" started.
Current time: Tue May 16 00:23:39 2023
Compiling architecture definition.
Analyzing project file 'C:/Users/wkk/Desktop/program/program/program.pds'.
E: Flow-0028: Synplify pro license is not set.
Program Error Out.
E: FileSystem-0002: Open file 'C:/Users/wkk/Desktop/program/program/synthesize/synplify_impl/synplify.srr' failed.
Program Error Out.
Parse module hierarchy of project 'C:/Users/wkk/Desktop/program/program/temp_projects/Main_Flow/Main_Flow.pds' (ADS Parser)
I: Flow-6004: Design file modified: "C:/Users/wkk/Desktop/program/program/source/top.v". 


Process "Synthesize" started.
Current time: Tue May 16 00:24:25 2023
Compiling architecture definition.
Analyzing project file 'C:/Users/wkk/Desktop/program/program/program.pds'.
E: Flow-0028: Synplify pro license is not set.
Program Error Out.
E: FileSystem-0002: Open file 'C:/Users/wkk/Desktop/program/program/synthesize/synplify_impl/synplify.srr' failed.
Program Error Out.


Process "Synthesize" started.
Current time: Tue May 16 00:24:52 2023
Compiling architecture definition.
Analyzing project file 'C:/Users/wkk/Desktop/program/program/program.pds'.
E: Flow-0028: Synplify pro license is not set.
Program Error Out.
E: FileSystem-0002: Open file 'C:/Users/wkk/Desktop/program/program/synthesize/synplify_impl/synplify.srr' failed.
Program Error Out.
