#Build: Fabric Compiler 2022.1, Build 99559, Jul 12 00:20 2022
#Install: E:\software\PDS_2022.1\bin
#Application name: pds.exe
#OS: Windows 10 10.0.22000
#Hostname: DESKTOP-7S7UGPP
Generated by Fabric Compiler (version 2022.1 build 99559) at Mon May 15 23:18:26 2023
Parse module hierarchy of project 'C:/Users/wkk/Desktop/program/program/temp_projects/Main_Flow/Main_Flow.pds' (TEXT Parser)
File "C:/Users/wkk/Desktop/program/program/source/top.v" has been added to project successfully. 
Parse module hierarchy of project 'C:/Users/wkk/Desktop/program/program/temp_projects/Main_Flow/Main_Flow.pds' (ADS Parser)
Parse module hierarchy of project 'C:/Users/wkk/Desktop/program/program/temp_projects/Main_Flow/Main_Flow.pds' (ADS Parser)
I: Flow-6004: Design file modified: "C:/Users/wkk/Desktop/program/program/source/top.v". 
Parse module hierarchy of project 'C:/Users/wkk/Desktop/program/program/temp_projects/Main_Flow/Main_Flow.pds' (ADS Parser)
I: Flow-6004: Design file modified: "C:/Users/wkk/Desktop/program/program/source/top.v". 
Parse module hierarchy of project 'C:/Users/wkk/Desktop/program/program/temp_projects/Main_Flow/Main_Flow.pds' (ADS Parser)
I: Flow-6004: Design file modified: "C:/Users/wkk/Desktop/program/program/source/top.v". 
Customize IP 'sys_pll' ...
C: Flow-2008: IP file modified: "C:/Users/wkk/Desktop/program/program/ipcore/sys_pll/sys_pll.idf". 
Parse module hierarchy of project 'C:/Users/wkk/Desktop/program/program/temp_projects/Main_Flow/Main_Flow.pds' (ADS Parser)
C: Flow-2008: IP file modified: "C:/Users/wkk/Desktop/program/program/ipcore/sys_pll/sys_pll.idf". 
Parse module hierarchy of project 'C:/Users/wkk/Desktop/program/program/temp_projects/Main_Flow/Main_Flow.pds' (ADS Parser)
Parse module hierarchy of project 'C:/Users/wkk/Desktop/program/program/temp_projects/Main_Flow/Main_Flow.pds' (ADS Parser)
IP Compiler exited.
Customize IP 'C:/Users/wkk/Desktop/program/program/ipcore/sys_pll/sys_pll.idf' ...
C: Flow-2008: IP file modified: "C:/Users/wkk/Desktop/program/program/ipcore/sys_pll/sys_pll.idf". 
Parse module hierarchy of project 'C:/Users/wkk/Desktop/program/program/temp_projects/Main_Flow/Main_Flow.pds' (ADS Parser)
Parse module hierarchy of project 'C:/Users/wkk/Desktop/program/program/temp_projects/Main_Flow/Main_Flow.pds' (ADS Parser)
IP Compiler exited.
Customize IP 'C:/Users/wkk/Desktop/program/program/ipcore/sys_pll/sys_pll.idf' ...
IP Compiler exited.
Parse module hierarchy of project 'C:/Users/wkk/Desktop/program/program/temp_projects/Main_Flow/Main_Flow.pds' (ADS Parser)
I: Flow-6004: Design file modified: "C:/Users/wkk/Desktop/program/program/source/top.v". 
E: Verilog-4014: [C:/Users/wkk/Desktop/program/program/source/top.v(line number: 34)] Ordered and named port connection mixed of module instance the_instance_name
E: Parsing ERROR.
Parse module hierarchy of project 'C:/Users/wkk/Desktop/program/program/temp_projects/Main_Flow/Main_Flow.pds' (TEXT Parser)
Parse module hierarchy of project 'C:/Users/wkk/Desktop/program/program/temp_projects/Main_Flow/Main_Flow.pds' (ADS Parser)
I: Flow-6004: Design file modified: "C:/Users/wkk/Desktop/program/program/source/top.v". 
E: Verilog-4014: [C:/Users/wkk/Desktop/program/program/source/top.v(line number: 34)] Ordered and named port connection mixed of module instance the_instance_name
E: Parsing ERROR.
Parse module hierarchy of project 'C:/Users/wkk/Desktop/program/program/temp_projects/Main_Flow/Main_Flow.pds' (TEXT Parser)
Parse module hierarchy of project 'C:/Users/wkk/Desktop/program/program/temp_projects/Main_Flow/Main_Flow.pds' (ADS Parser)
I: Flow-6004: Design file modified: "C:/Users/wkk/Desktop/program/program/source/top.v". 
E: Verilog-4014: [C:/Users/wkk/Desktop/program/program/source/top.v(line number: 34)] Ordered and named port connection mixed of module instance the_instance_name
E: Parsing ERROR.
Parse module hierarchy of project 'C:/Users/wkk/Desktop/program/program/temp_projects/Main_Flow/Main_Flow.pds' (TEXT Parser)
File "C:/Users/wkk/Desktop/program/program/source/hdmi/iic_dri.v" has been added to project successfully. 
File "C:/Users/wkk/Desktop/program/program/source/hdmi/ms72xx_ctl.v" has been added to project successfully. 
File "C:/Users/wkk/Desktop/program/program/source/hdmi/ms7200_ctl.v" has been added to project successfully. 
File "C:/Users/wkk/Desktop/program/program/source/hdmi/ms7210_ctl.v" has been added to project successfully. 
File "C:/Users/wkk/Desktop/program/program/source/hdmi/sync_vg.v" has been added to project successfully. 
Parse module hierarchy of project 'C:/Users/wkk/Desktop/program/program/temp_projects/Main_Flow/Main_Flow.pds' (ADS Parser)
E: Verilog-4014: [C:/Users/wkk/Desktop/program/program/source/top.v(line number: 34)] Ordered and named port connection mixed of module instance the_instance_name
E: Parsing ERROR.
Parse module hierarchy of project 'C:/Users/wkk/Desktop/program/program/temp_projects/Main_Flow/Main_Flow.pds' (TEXT Parser)
File "C:/Users/wkk/Desktop/program/program/source/hdmi_top.v" has been added to project successfully. 
Parse module hierarchy of project 'C:/Users/wkk/Desktop/program/program/temp_projects/Main_Flow/Main_Flow.pds' (ADS Parser)
E: Verilog-4014: [C:/Users/wkk/Desktop/program/program/source/top.v(line number: 34)] Ordered and named port connection mixed of module instance the_instance_name
E: Parsing ERROR.
Parse module hierarchy of project 'C:/Users/wkk/Desktop/program/program/temp_projects/Main_Flow/Main_Flow.pds' (TEXT Parser)
Parse module hierarchy of project 'C:/Users/wkk/Desktop/program/program/temp_projects/Main_Flow/Main_Flow.pds' (ADS Parser)
I: Flow-6004: Design file modified: "C:/Users/wkk/Desktop/program/program/source/hdmi_top.v". 
E: Verilog-4014: [C:/Users/wkk/Desktop/program/program/source/top.v(line number: 34)] Ordered and named port connection mixed of module instance the_instance_name
E: Parsing ERROR.
E: Verilog-4005: [C:/Users/wkk/Desktop/program/program/source/hdmi_top.v(line number: 5)] Syntax error near )
E: Parsing ERROR.
Parse module hierarchy of project 'C:/Users/wkk/Desktop/program/program/temp_projects/Main_Flow/Main_Flow.pds' (TEXT Parser)
Parse module hierarchy of project 'C:/Users/wkk/Desktop/program/program/temp_projects/Main_Flow/Main_Flow.pds' (ADS Parser)
I: Flow-6004: Design file modified: "C:/Users/wkk/Desktop/program/program/source/hdmi_top.v". 
E: Verilog-4014: [C:/Users/wkk/Desktop/program/program/source/top.v(line number: 34)] Ordered and named port connection mixed of module instance the_instance_name
E: Parsing ERROR.
E: Verilog-4005: [C:/Users/wkk/Desktop/program/program/source/hdmi_top.v(line number: 5)] Syntax error near )
E: Parsing ERROR.
Parse module hierarchy of project 'C:/Users/wkk/Desktop/program/program/temp_projects/Main_Flow/Main_Flow.pds' (TEXT Parser)
Parse module hierarchy of project 'C:/Users/wkk/Desktop/program/program/temp_projects/Main_Flow/Main_Flow.pds' (ADS Parser)
I: Flow-6004: Design file modified: "C:/Users/wkk/Desktop/program/program/source/hdmi_top.v". 
E: Verilog-4014: [C:/Users/wkk/Desktop/program/program/source/top.v(line number: 34)] Ordered and named port connection mixed of module instance the_instance_name
E: Parsing ERROR.
Parse module hierarchy of project 'C:/Users/wkk/Desktop/program/program/temp_projects/Main_Flow/Main_Flow.pds' (TEXT Parser)
Customize IP 'C:/Users/wkk/Desktop/program/program/ipcore/sys_pll/sys_pll.idf' ...
C: Flow-2008: IP file modified: "C:/Users/wkk/Desktop/program/program/ipcore/sys_pll/sys_pll.idf". 
Parse module hierarchy of project 'C:/Users/wkk/Desktop/program/program/temp_projects/Main_Flow/Main_Flow.pds' (ADS Parser)
Parse module hierarchy of project 'C:/Users/wkk/Desktop/program/program/temp_projects/Main_Flow/Main_Flow.pds' (ADS Parser)
E: Verilog-4014: [C:/Users/wkk/Desktop/program/program/source/top.v(line number: 34)] Ordered and named port connection mixed of module instance the_instance_name
E: Parsing ERROR.
Parse module hierarchy of project 'C:/Users/wkk/Desktop/program/program/temp_projects/Main_Flow/Main_Flow.pds' (TEXT Parser)
IP Compiler exited.
Parse module hierarchy of project 'C:/Users/wkk/Desktop/program/program/temp_projects/Main_Flow/Main_Flow.pds' (ADS Parser)
I: Flow-6004: Design file modified: "C:/Users/wkk/Desktop/program/program/source/top.v". 
E: Verilog-4005: [C:/Users/wkk/Desktop/program/program/source/top.v(line number: 32)] Syntax error near sys_pll
E: Parsing ERROR.
Parse module hierarchy of project 'C:/Users/wkk/Desktop/program/program/temp_projects/Main_Flow/Main_Flow.pds' (ADS Parser)
I: Flow-6004: Design file modified: "C:/Users/wkk/Desktop/program/program/source/top.v". 
E: Verilog-4005: [C:/Users/wkk/Desktop/program/program/source/top.v(line number: 32)] Syntax error near sys_pll
E: Parsing ERROR.
Parse module hierarchy of project 'C:/Users/wkk/Desktop/program/program/temp_projects/Main_Flow/Main_Flow.pds' (ADS Parser)
I: Flow-6004: Design file modified: "C:/Users/wkk/Desktop/program/program/source/top.v". 
E: Verilog-4060: [C:/Users/wkk/Desktop/program/program/source/top.v(line number: 39)] Multiple instances with the same instance name the_instance_name
E: Verilog-4014: [C:/Users/wkk/Desktop/program/program/source/top.v(line number: 35)] Ordered and named port connection mixed of module instance the_instance_name
E: Parsing ERROR.
Parse module hierarchy of project 'C:/Users/wkk/Desktop/program/program/temp_projects/Main_Flow/Main_Flow.pds' (TEXT Parser)
Parse module hierarchy of project 'C:/Users/wkk/Desktop/program/program/temp_projects/Main_Flow/Main_Flow.pds' (ADS Parser)
I: Flow-6004: Design file modified: "C:/Users/wkk/Desktop/program/program/source/top.v". 
Parse module hierarchy of project 'C:/Users/wkk/Desktop/program/program/temp_projects/Main_Flow/Main_Flow.pds' (ADS Parser)
I: Flow-6004: Design file modified: "C:/Users/wkk/Desktop/program/program/source/top.v". 
Parse module hierarchy of project 'C:/Users/wkk/Desktop/program/program/temp_projects/Main_Flow/Main_Flow.pds' (ADS Parser)
I: Flow-6004: Design file modified: "C:/Users/wkk/Desktop/program/program/source/top.v". 
Parse module hierarchy of project 'C:/Users/wkk/Desktop/program/program/temp_projects/Main_Flow/Main_Flow.pds' (ADS Parser)
I: Flow-6004: Design file modified: "C:/Users/wkk/Desktop/program/program/source/hdmi_top.v". 
E: Verilog-4039: [C:/Users/wkk/Desktop/program/program/source/hdmi_top.v(line number: 31)] Identifier locked is not declared
E: Verilog-4039: [C:/Users/wkk/Desktop/program/program/source/hdmi_top.v(line number: 32)] Identifier rstn_1ms is not declared
E: Verilog-4039: [C:/Users/wkk/Desktop/program/program/source/hdmi_top.v(line number: 35)] Identifier rstn_1ms is not declared
E: Verilog-4039: [C:/Users/wkk/Desktop/program/program/source/hdmi_top.v(line number: 36)] Identifier rstn_1ms is not declared
E: Verilog-4039: [C:/Users/wkk/Desktop/program/program/source/hdmi_top.v(line number: 36)] Identifier rstn_1ms is not declared
E: Verilog-4039: [C:/Users/wkk/Desktop/program/program/source/hdmi_top.v(line number: 38)] Identifier rstn_1ms is not declared
E: Verilog-4039: [C:/Users/wkk/Desktop/program/program/source/hdmi_top.v(line number: 38)] Identifier rstn_1ms is not declared
E: Verilog-4039: [C:/Users/wkk/Desktop/program/program/source/hdmi_top.v(line number: 42)] Identifier rstn_1ms is not declared
E: Parsing ERROR.
Parse module hierarchy of project 'C:/Users/wkk/Desktop/program/program/temp_projects/Main_Flow/Main_Flow.pds' (ADS Parser)
I: Flow-6004: Design file modified: "C:/Users/wkk/Desktop/program/program/source/hdmi_top.v". 
E: Verilog-4039: [C:/Users/wkk/Desktop/program/program/source/hdmi_top.v(line number: 31)] Identifier locked is not declared
E: Verilog-4039: [C:/Users/wkk/Desktop/program/program/source/hdmi_top.v(line number: 32)] Identifier rstn_1ms is not declared
E: Verilog-4039: [C:/Users/wkk/Desktop/program/program/source/hdmi_top.v(line number: 35)] Identifier rstn_1ms is not declared
E: Verilog-4039: [C:/Users/wkk/Desktop/program/program/source/hdmi_top.v(line number: 36)] Identifier rstn_1ms is not declared
E: Verilog-4039: [C:/Users/wkk/Desktop/program/program/source/hdmi_top.v(line number: 36)] Identifier rstn_1ms is not declared
E: Verilog-4039: [C:/Users/wkk/Desktop/program/program/source/hdmi_top.v(line number: 38)] Identifier rstn_1ms is not declared
E: Verilog-4039: [C:/Users/wkk/Desktop/program/program/source/hdmi_top.v(line number: 38)] Identifier rstn_1ms is not declared
E: Verilog-4039: [C:/Users/wkk/Desktop/program/program/source/hdmi_top.v(line number: 42)] Identifier rstn_1ms is not declared
E: Parsing ERROR.
Parse module hierarchy of project 'C:/Users/wkk/Desktop/program/program/temp_projects/Main_Flow/Main_Flow.pds' (ADS Parser)
I: Flow-6004: Design file modified: "C:/Users/wkk/Desktop/program/program/source/hdmi_top.v". 
E: Verilog-4039: [C:/Users/wkk/Desktop/program/program/source/hdmi_top.v(line number: 31)] Identifier locked is not declared
E: Verilog-4039: [C:/Users/wkk/Desktop/program/program/source/hdmi_top.v(line number: 32)] Identifier rstn_1ms is not declared
E: Verilog-4039: [C:/Users/wkk/Desktop/program/program/source/hdmi_top.v(line number: 35)] Identifier rstn_1ms is not declared
E: Verilog-4039: [C:/Users/wkk/Desktop/program/program/source/hdmi_top.v(line number: 36)] Identifier rstn_1ms is not declared
E: Verilog-4039: [C:/Users/wkk/Desktop/program/program/source/hdmi_top.v(line number: 36)] Identifier rstn_1ms is not declared
E: Verilog-4039: [C:/Users/wkk/Desktop/program/program/source/hdmi_top.v(line number: 38)] Identifier rstn_1ms is not declared
E: Verilog-4039: [C:/Users/wkk/Desktop/program/program/source/hdmi_top.v(line number: 38)] Identifier rstn_1ms is not declared
E: Verilog-4039: [C:/Users/wkk/Desktop/program/program/source/hdmi_top.v(line number: 42)] Identifier rstn_1ms is not declared
E: Parsing ERROR.
Parse module hierarchy of project 'C:/Users/wkk/Desktop/program/program/temp_projects/Main_Flow/Main_Flow.pds' (ADS Parser)
I: Flow-6004: Design file modified: "C:/Users/wkk/Desktop/program/program/source/hdmi_top.v". 
E: Verilog-4039: [C:/Users/wkk/Desktop/program/program/source/hdmi_top.v(line number: 34)] Identifier locked is not declared
E: Verilog-4039: [C:/Users/wkk/Desktop/program/program/source/hdmi_top.v(line number: 35)] Identifier rstn_1ms is not declared
E: Verilog-4039: [C:/Users/wkk/Desktop/program/program/source/hdmi_top.v(line number: 38)] Identifier rstn_1ms is not declared
E: Verilog-4039: [C:/Users/wkk/Desktop/program/program/source/hdmi_top.v(line number: 39)] Identifier rstn_1ms is not declared
E: Verilog-4039: [C:/Users/wkk/Desktop/program/program/source/hdmi_top.v(line number: 39)] Identifier rstn_1ms is not declared
E: Verilog-4039: [C:/Users/wkk/Desktop/program/program/source/hdmi_top.v(line number: 41)] Identifier rstn_1ms is not declared
E: Verilog-4039: [C:/Users/wkk/Desktop/program/program/source/hdmi_top.v(line number: 41)] Identifier rstn_1ms is not declared
E: Verilog-4039: [C:/Users/wkk/Desktop/program/program/source/hdmi_top.v(line number: 45)] Identifier rstn_1ms is not declared
E: Parsing ERROR.
Parse module hierarchy of project 'C:/Users/wkk/Desktop/program/program/temp_projects/Main_Flow/Main_Flow.pds' (ADS Parser)
I: Flow-6004: Design file modified: "C:/Users/wkk/Desktop/program/program/source/hdmi_top.v". 
E: Verilog-4039: [C:/Users/wkk/Desktop/program/program/source/hdmi_top.v(line number: 39)] Identifier locked is not declared
E: Verilog-4039: [C:/Users/wkk/Desktop/program/program/source/hdmi_top.v(line number: 40)] Identifier rstn_1ms is not declared
E: Verilog-4039: [C:/Users/wkk/Desktop/program/program/source/hdmi_top.v(line number: 43)] Identifier rstn_1ms is not declared
E: Verilog-4039: [C:/Users/wkk/Desktop/program/program/source/hdmi_top.v(line number: 44)] Identifier rstn_1ms is not declared
E: Verilog-4039: [C:/Users/wkk/Desktop/program/program/source/hdmi_top.v(line number: 44)] Identifier rstn_1ms is not declared
E: Verilog-4039: [C:/Users/wkk/Desktop/program/program/source/hdmi_top.v(line number: 46)] Identifier rstn_1ms is not declared
E: Verilog-4039: [C:/Users/wkk/Desktop/program/program/source/hdmi_top.v(line number: 46)] Identifier rstn_1ms is not declared
E: Verilog-4039: [C:/Users/wkk/Desktop/program/program/source/hdmi_top.v(line number: 50)] Identifier rstn_1ms is not declared
E: Parsing ERROR.
Parse module hierarchy of project 'C:/Users/wkk/Desktop/program/program/temp_projects/Main_Flow/Main_Flow.pds' (ADS Parser)
I: Flow-6004: Design file modified: "C:/Users/wkk/Desktop/program/program/source/hdmi_top.v". 
E: Verilog-4039: [C:/Users/wkk/Desktop/program/program/source/hdmi_top.v(line number: 39)] Identifier locked is not declared
E: Verilog-4039: [C:/Users/wkk/Desktop/program/program/source/hdmi_top.v(line number: 40)] Identifier rstn_1ms is not declared
E: Verilog-4039: [C:/Users/wkk/Desktop/program/program/source/hdmi_top.v(line number: 43)] Identifier rstn_1ms is not declared
E: Verilog-4039: [C:/Users/wkk/Desktop/program/program/source/hdmi_top.v(line number: 44)] Identifier rstn_1ms is not declared
E: Verilog-4039: [C:/Users/wkk/Desktop/program/program/source/hdmi_top.v(line number: 44)] Identifier rstn_1ms is not declared
E: Verilog-4039: [C:/Users/wkk/Desktop/program/program/source/hdmi_top.v(line number: 46)] Identifier rstn_1ms is not declared
E: Verilog-4039: [C:/Users/wkk/Desktop/program/program/source/hdmi_top.v(line number: 46)] Identifier rstn_1ms is not declared
E: Verilog-4039: [C:/Users/wkk/Desktop/program/program/source/hdmi_top.v(line number: 50)] Identifier rstn_1ms is not declared
E: Parsing ERROR.
Parse module hierarchy of project 'C:/Users/wkk/Desktop/program/program/temp_projects/Main_Flow/Main_Flow.pds' (ADS Parser)
I: Flow-6004: Design file modified: "C:/Users/wkk/Desktop/program/program/source/hdmi_top.v". 
E: Verilog-4039: [C:/Users/wkk/Desktop/program/program/source/hdmi_top.v(line number: 39)] Identifier cfg_clk is not declared
E: Verilog-4039: [C:/Users/wkk/Desktop/program/program/source/hdmi_top.v(line number: 41)] Identifier locked is not declared
E: Verilog-4039: [C:/Users/wkk/Desktop/program/program/source/hdmi_top.v(line number: 42)] Identifier rstn_1ms is not declared
E: Verilog-4039: [C:/Users/wkk/Desktop/program/program/source/hdmi_top.v(line number: 45)] Identifier rstn_1ms is not declared
E: Verilog-4039: [C:/Users/wkk/Desktop/program/program/source/hdmi_top.v(line number: 46)] Identifier rstn_1ms is not declared
E: Verilog-4039: [C:/Users/wkk/Desktop/program/program/source/hdmi_top.v(line number: 46)] Identifier rstn_1ms is not declared
E: Verilog-4039: [C:/Users/wkk/Desktop/program/program/source/hdmi_top.v(line number: 48)] Identifier rstn_1ms is not declared
E: Verilog-4039: [C:/Users/wkk/Desktop/program/program/source/hdmi_top.v(line number: 48)] Identifier rstn_1ms is not declared
E: Verilog-4039: [C:/Users/wkk/Desktop/program/program/source/hdmi_top.v(line number: 52)] Identifier rstn_1ms is not declared
E: Parsing ERROR.
Parse module hierarchy of project 'C:/Users/wkk/Desktop/program/program/temp_projects/Main_Flow/Main_Flow.pds' (ADS Parser)
I: Flow-6004: Design file modified: "C:/Users/wkk/Desktop/program/program/source/hdmi_top.v". 
E: Verilog-4039: [C:/Users/wkk/Desktop/program/program/source/hdmi_top.v(line number: 52)] Identifier cfg_clk is not declared
E: Verilog-4039: [C:/Users/wkk/Desktop/program/program/source/hdmi_top.v(line number: 54)] Identifier locked is not declared
E: Verilog-4039: [C:/Users/wkk/Desktop/program/program/source/hdmi_top.v(line number: 55)] Identifier rstn_1ms is not declared
E: Verilog-4039: [C:/Users/wkk/Desktop/program/program/source/hdmi_top.v(line number: 58)] Identifier rstn_1ms is not declared
E: Verilog-4039: [C:/Users/wkk/Desktop/program/program/source/hdmi_top.v(line number: 59)] Identifier rstn_1ms is not declared
E: Verilog-4039: [C:/Users/wkk/Desktop/program/program/source/hdmi_top.v(line number: 59)] Identifier rstn_1ms is not declared
E: Verilog-4039: [C:/Users/wkk/Desktop/program/program/source/hdmi_top.v(line number: 61)] Identifier rstn_1ms is not declared
E: Verilog-4039: [C:/Users/wkk/Desktop/program/program/source/hdmi_top.v(line number: 61)] Identifier rstn_1ms is not declared
E: Verilog-4039: [C:/Users/wkk/Desktop/program/program/source/hdmi_top.v(line number: 65)] Identifier rstn_1ms is not declared
E: Parsing ERROR.
Parse module hierarchy of project 'C:/Users/wkk/Desktop/program/program/temp_projects/Main_Flow/Main_Flow.pds' (ADS Parser)
I: Flow-6004: Design file modified: "C:/Users/wkk/Desktop/program/program/source/hdmi_top.v". 
E: Verilog-4039: [C:/Users/wkk/Desktop/program/program/source/hdmi_top.v(line number: 50)] Identifier cfg_clk is not declared
E: Verilog-4039: [C:/Users/wkk/Desktop/program/program/source/hdmi_top.v(line number: 52)] Identifier locked is not declared
E: Verilog-4039: [C:/Users/wkk/Desktop/program/program/source/hdmi_top.v(line number: 53)] Identifier rstn_1ms is not declared
E: Verilog-4039: [C:/Users/wkk/Desktop/program/program/source/hdmi_top.v(line number: 56)] Identifier rstn_1ms is not declared
E: Verilog-4039: [C:/Users/wkk/Desktop/program/program/source/hdmi_top.v(line number: 57)] Identifier rstn_1ms is not declared
E: Verilog-4039: [C:/Users/wkk/Desktop/program/program/source/hdmi_top.v(line number: 57)] Identifier rstn_1ms is not declared
E: Verilog-4039: [C:/Users/wkk/Desktop/program/program/source/hdmi_top.v(line number: 59)] Identifier rstn_1ms is not declared
E: Verilog-4039: [C:/Users/wkk/Desktop/program/program/source/hdmi_top.v(line number: 59)] Identifier rstn_1ms is not declared
E: Verilog-4039: [C:/Users/wkk/Desktop/program/program/source/hdmi_top.v(line number: 63)] Identifier rstn_1ms is not declared
E: Verilog-4039: [C:/Users/wkk/Desktop/program/program/source/hdmi_top.v(line number: 66)] Identifier X_WIDTH is not declared
E: Verilog-4039: [C:/Users/wkk/Desktop/program/program/source/hdmi_top.v(line number: 67)] Identifier Y_WIDTH is not declared
E: Parsing ERROR.
Parse module hierarchy of project 'C:/Users/wkk/Desktop/program/program/temp_projects/Main_Flow/Main_Flow.pds' (ADS Parser)
I: Flow-6004: Design file modified: "C:/Users/wkk/Desktop/program/program/source/hdmi_top.v". 
E: Verilog-4039: [C:/Users/wkk/Desktop/program/program/source/hdmi_top.v(line number: 54)] Identifier cfg_clk is not declared
E: Verilog-4039: [C:/Users/wkk/Desktop/program/program/source/hdmi_top.v(line number: 56)] Identifier locked is not declared
E: Verilog-4039: [C:/Users/wkk/Desktop/program/program/source/hdmi_top.v(line number: 57)] Identifier rstn_1ms is not declared
E: Verilog-4039: [C:/Users/wkk/Desktop/program/program/source/hdmi_top.v(line number: 60)] Identifier rstn_1ms is not declared
E: Verilog-4039: [C:/Users/wkk/Desktop/program/program/source/hdmi_top.v(line number: 61)] Identifier rstn_1ms is not declared
E: Verilog-4039: [C:/Users/wkk/Desktop/program/program/source/hdmi_top.v(line number: 61)] Identifier rstn_1ms is not declared
E: Verilog-4039: [C:/Users/wkk/Desktop/program/program/source/hdmi_top.v(line number: 63)] Identifier rstn_1ms is not declared
E: Verilog-4039: [C:/Users/wkk/Desktop/program/program/source/hdmi_top.v(line number: 63)] Identifier rstn_1ms is not declared
E: Verilog-4039: [C:/Users/wkk/Desktop/program/program/source/hdmi_top.v(line number: 67)] Identifier rstn_1ms is not declared
E: Verilog-4039: [C:/Users/wkk/Desktop/program/program/source/hdmi_top.v(line number: 70)] Identifier X_WIDTH is not declared
E: Verilog-4039: [C:/Users/wkk/Desktop/program/program/source/hdmi_top.v(line number: 71)] Identifier Y_WIDTH is not declared
E: Parsing ERROR.
Parse module hierarchy of project 'C:/Users/wkk/Desktop/program/program/temp_projects/Main_Flow/Main_Flow.pds' (ADS Parser)
I: Flow-6004: Design file modified: "C:/Users/wkk/Desktop/program/program/source/hdmi_top.v". 
E: Verilog-4039: [C:/Users/wkk/Desktop/program/program/source/hdmi_top.v(line number: 54)] Identifier cfg_clk is not declared
E: Verilog-4039: [C:/Users/wkk/Desktop/program/program/source/hdmi_top.v(line number: 56)] Identifier locked is not declared
E: Verilog-4039: [C:/Users/wkk/Desktop/program/program/source/hdmi_top.v(line number: 57)] Identifier rstn_1ms is not declared
E: Verilog-4039: [C:/Users/wkk/Desktop/program/program/source/hdmi_top.v(line number: 60)] Identifier rstn_1ms is not declared
E: Verilog-4039: [C:/Users/wkk/Desktop/program/program/source/hdmi_top.v(line number: 61)] Identifier rstn_1ms is not declared
E: Verilog-4039: [C:/Users/wkk/Desktop/program/program/source/hdmi_top.v(line number: 61)] Identifier rstn_1ms is not declared
E: Verilog-4039: [C:/Users/wkk/Desktop/program/program/source/hdmi_top.v(line number: 63)] Identifier rstn_1ms is not declared
E: Verilog-4039: [C:/Users/wkk/Desktop/program/program/source/hdmi_top.v(line number: 63)] Identifier rstn_1ms is not declared
E: Verilog-4039: [C:/Users/wkk/Desktop/program/program/source/hdmi_top.v(line number: 67)] Identifier rstn_1ms is not declared
E: Verilog-4039: [C:/Users/wkk/Desktop/program/program/source/hdmi_top.v(line number: 70)] Identifier X_WIDTH is not declared
E: Verilog-4039: [C:/Users/wkk/Desktop/program/program/source/hdmi_top.v(line number: 71)] Identifier Y_WIDTH is not declared
E: Parsing ERROR.
Parse module hierarchy of project 'C:/Users/wkk/Desktop/program/program/temp_projects/Main_Flow/Main_Flow.pds' (ADS Parser)
I: Flow-6004: Design file modified: "C:/Users/wkk/Desktop/program/program/source/hdmi_top.v". 
E: Verilog-4039: [C:/Users/wkk/Desktop/program/program/source/hdmi_top.v(line number: 41)] Identifier X_WIDTH is not declared
E: Verilog-4039: [C:/Users/wkk/Desktop/program/program/source/hdmi_top.v(line number: 42)] Identifier Y_WIDTH is not declared
E: Verilog-4039: [C:/Users/wkk/Desktop/program/program/source/hdmi_top.v(line number: 56)] Identifier cfg_clk is not declared
E: Verilog-4039: [C:/Users/wkk/Desktop/program/program/source/hdmi_top.v(line number: 58)] Identifier locked is not declared
E: Verilog-4039: [C:/Users/wkk/Desktop/program/program/source/hdmi_top.v(line number: 59)] Identifier rstn_1ms is not declared
E: Verilog-4039: [C:/Users/wkk/Desktop/program/program/source/hdmi_top.v(line number: 62)] Identifier rstn_1ms is not declared
E: Verilog-4039: [C:/Users/wkk/Desktop/program/program/source/hdmi_top.v(line number: 63)] Identifier rstn_1ms is not declared
E: Verilog-4039: [C:/Users/wkk/Desktop/program/program/source/hdmi_top.v(line number: 63)] Identifier rstn_1ms is not declared
E: Verilog-4039: [C:/Users/wkk/Desktop/program/program/source/hdmi_top.v(line number: 65)] Identifier rstn_1ms is not declared
E: Verilog-4039: [C:/Users/wkk/Desktop/program/program/source/hdmi_top.v(line number: 65)] Identifier rstn_1ms is not declared
E: Verilog-4039: [C:/Users/wkk/Desktop/program/program/source/hdmi_top.v(line number: 69)] Identifier rstn_1ms is not declared
E: Verilog-4039: [C:/Users/wkk/Desktop/program/program/source/hdmi_top.v(line number: 72)] Identifier X_WIDTH is not declared
E: Verilog-4039: [C:/Users/wkk/Desktop/program/program/source/hdmi_top.v(line number: 73)] Identifier Y_WIDTH is not declared
E: Parsing ERROR.
Parse module hierarchy of project 'C:/Users/wkk/Desktop/program/program/temp_projects/Main_Flow/Main_Flow.pds' (ADS Parser)
I: Flow-6004: Design file modified: "C:/Users/wkk/Desktop/program/program/source/hdmi_top.v". 
E: Verilog-4039: [C:/Users/wkk/Desktop/program/program/source/hdmi_top.v(line number: 58)] Identifier cfg_clk is not declared
E: Verilog-4039: [C:/Users/wkk/Desktop/program/program/source/hdmi_top.v(line number: 60)] Identifier locked is not declared
E: Verilog-4039: [C:/Users/wkk/Desktop/program/program/source/hdmi_top.v(line number: 61)] Identifier rstn_1ms is not declared
E: Verilog-4039: [C:/Users/wkk/Desktop/program/program/source/hdmi_top.v(line number: 64)] Identifier rstn_1ms is not declared
E: Verilog-4039: [C:/Users/wkk/Desktop/program/program/source/hdmi_top.v(line number: 65)] Identifier rstn_1ms is not declared
E: Verilog-4039: [C:/Users/wkk/Desktop/program/program/source/hdmi_top.v(line number: 65)] Identifier rstn_1ms is not declared
E: Verilog-4039: [C:/Users/wkk/Desktop/program/program/source/hdmi_top.v(line number: 67)] Identifier rstn_1ms is not declared
E: Verilog-4039: [C:/Users/wkk/Desktop/program/program/source/hdmi_top.v(line number: 67)] Identifier rstn_1ms is not declared
E: Verilog-4039: [C:/Users/wkk/Desktop/program/program/source/hdmi_top.v(line number: 71)] Identifier rstn_1ms is not declared
E: Parsing ERROR.
Parse module hierarchy of project 'C:/Users/wkk/Desktop/program/program/temp_projects/Main_Flow/Main_Flow.pds' (ADS Parser)
I: Flow-6004: Design file modified: "C:/Users/wkk/Desktop/program/program/source/top.v". 
E: Verilog-4039: [C:/Users/wkk/Desktop/program/program/source/hdmi_top.v(line number: 58)] Identifier cfg_clk is not declared
E: Verilog-4039: [C:/Users/wkk/Desktop/program/program/source/hdmi_top.v(line number: 60)] Identifier locked is not declared
E: Verilog-4039: [C:/Users/wkk/Desktop/program/program/source/hdmi_top.v(line number: 61)] Identifier rstn_1ms is not declared
E: Verilog-4039: [C:/Users/wkk/Desktop/program/program/source/hdmi_top.v(line number: 64)] Identifier rstn_1ms is not declared
E: Verilog-4039: [C:/Users/wkk/Desktop/program/program/source/hdmi_top.v(line number: 65)] Identifier rstn_1ms is not declared
E: Verilog-4039: [C:/Users/wkk/Desktop/program/program/source/hdmi_top.v(line number: 65)] Identifier rstn_1ms is not declared
E: Verilog-4039: [C:/Users/wkk/Desktop/program/program/source/hdmi_top.v(line number: 67)] Identifier rstn_1ms is not declared
E: Verilog-4039: [C:/Users/wkk/Desktop/program/program/source/hdmi_top.v(line number: 67)] Identifier rstn_1ms is not declared
E: Verilog-4039: [C:/Users/wkk/Desktop/program/program/source/hdmi_top.v(line number: 71)] Identifier rstn_1ms is not declared
E: Parsing ERROR.
Parse module hierarchy of project 'C:/Users/wkk/Desktop/program/program/temp_projects/Main_Flow/Main_Flow.pds' (ADS Parser)
I: Flow-6004: Design file modified: "C:/Users/wkk/Desktop/program/program/source/hdmi_top.v". 
E: Verilog-4039: [C:/Users/wkk/Desktop/program/program/source/hdmi_top.v(line number: 58)] Identifier cfg_clk is not declared
E: Verilog-4039: [C:/Users/wkk/Desktop/program/program/source/hdmi_top.v(line number: 60)] Identifier locked is not declared
E: Verilog-4039: [C:/Users/wkk/Desktop/program/program/source/hdmi_top.v(line number: 61)] Identifier rstn_1ms is not declared
E: Verilog-4039: [C:/Users/wkk/Desktop/program/program/source/hdmi_top.v(line number: 64)] Identifier rstn_1ms is not declared
E: Verilog-4039: [C:/Users/wkk/Desktop/program/program/source/hdmi_top.v(line number: 65)] Identifier rstn_1ms is not declared
E: Verilog-4039: [C:/Users/wkk/Desktop/program/program/source/hdmi_top.v(line number: 65)] Identifier rstn_1ms is not declared
E: Verilog-4039: [C:/Users/wkk/Desktop/program/program/source/hdmi_top.v(line number: 67)] Identifier rstn_1ms is not declared
E: Verilog-4039: [C:/Users/wkk/Desktop/program/program/source/hdmi_top.v(line number: 67)] Identifier rstn_1ms is not declared
E: Verilog-4039: [C:/Users/wkk/Desktop/program/program/source/hdmi_top.v(line number: 71)] Identifier rstn_1ms is not declared
E: Parsing ERROR.
Parse module hierarchy of project 'C:/Users/wkk/Desktop/program/program/temp_projects/Main_Flow/Main_Flow.pds' (ADS Parser)
I: Flow-6004: Design file modified: "C:/Users/wkk/Desktop/program/program/source/hdmi_top.v". 
E: Verilog-4039: [C:/Users/wkk/Desktop/program/program/source/hdmi_top.v(line number: 58)] Identifier cfg_clk is not declared
E: Verilog-4039: [C:/Users/wkk/Desktop/program/program/source/hdmi_top.v(line number: 60)] Identifier locked is not declared
E: Verilog-4039: [C:/Users/wkk/Desktop/program/program/source/hdmi_top.v(line number: 61)] Identifier rstn_1ms is not declared
E: Verilog-4039: [C:/Users/wkk/Desktop/program/program/source/hdmi_top.v(line number: 64)] Identifier rstn_1ms is not declared
E: Verilog-4039: [C:/Users/wkk/Desktop/program/program/source/hdmi_top.v(line number: 65)] Identifier rstn_1ms is not declared
E: Verilog-4039: [C:/Users/wkk/Desktop/program/program/source/hdmi_top.v(line number: 65)] Identifier rstn_1ms is not declared
E: Verilog-4039: [C:/Users/wkk/Desktop/program/program/source/hdmi_top.v(line number: 67)] Identifier rstn_1ms is not declared
E: Verilog-4039: [C:/Users/wkk/Desktop/program/program/source/hdmi_top.v(line number: 67)] Identifier rstn_1ms is not declared
E: Verilog-4039: [C:/Users/wkk/Desktop/program/program/source/hdmi_top.v(line number: 71)] Identifier rstn_1ms is not declared
E: Parsing ERROR.
Parse module hierarchy of project 'C:/Users/wkk/Desktop/program/program/temp_projects/Main_Flow/Main_Flow.pds' (ADS Parser)
I: Flow-6004: Design file modified: "C:/Users/wkk/Desktop/program/program/source/hdmi_top.v". 
E: Verilog-4039: [C:/Users/wkk/Desktop/program/program/source/hdmi_top.v(line number: 58)] Identifier cfg_clk is not declared
E: Verilog-4039: [C:/Users/wkk/Desktop/program/program/source/hdmi_top.v(line number: 60)] Identifier locked is not declared
E: Verilog-4039: [C:/Users/wkk/Desktop/program/program/source/hdmi_top.v(line number: 61)] Identifier rstn_1ms is not declared
E: Verilog-4039: [C:/Users/wkk/Desktop/program/program/source/hdmi_top.v(line number: 64)] Identifier rstn_1ms is not declared
E: Verilog-4039: [C:/Users/wkk/Desktop/program/program/source/hdmi_top.v(line number: 65)] Identifier rstn_1ms is not declared
E: Verilog-4039: [C:/Users/wkk/Desktop/program/program/source/hdmi_top.v(line number: 65)] Identifier rstn_1ms is not declared
E: Verilog-4039: [C:/Users/wkk/Desktop/program/program/source/hdmi_top.v(line number: 67)] Identifier rstn_1ms is not declared
E: Verilog-4039: [C:/Users/wkk/Desktop/program/program/source/hdmi_top.v(line number: 67)] Identifier rstn_1ms is not declared
E: Verilog-4039: [C:/Users/wkk/Desktop/program/program/source/hdmi_top.v(line number: 71)] Identifier rstn_1ms is not declared
E: Parsing ERROR.
Parse module hierarchy of project 'C:/Users/wkk/Desktop/program/program/temp_projects/Main_Flow/Main_Flow.pds' (ADS Parser)
I: Flow-6004: Design file modified: "C:/Users/wkk/Desktop/program/program/source/hdmi_top.v". 
E: Verilog-4039: [C:/Users/wkk/Desktop/program/program/source/hdmi_top.v(line number: 58)] Identifier cfg_clk is not declared
E: Verilog-4039: [C:/Users/wkk/Desktop/program/program/source/hdmi_top.v(line number: 60)] Identifier locked is not declared
E: Verilog-4039: [C:/Users/wkk/Desktop/program/program/source/hdmi_top.v(line number: 61)] Identifier rstn_1ms is not declared
E: Verilog-4039: [C:/Users/wkk/Desktop/program/program/source/hdmi_top.v(line number: 64)] Identifier rstn_1ms is not declared
E: Verilog-4039: [C:/Users/wkk/Desktop/program/program/source/hdmi_top.v(line number: 65)] Identifier rstn_1ms is not declared
E: Verilog-4039: [C:/Users/wkk/Desktop/program/program/source/hdmi_top.v(line number: 65)] Identifier rstn_1ms is not declared
E: Verilog-4039: [C:/Users/wkk/Desktop/program/program/source/hdmi_top.v(line number: 67)] Identifier rstn_1ms is not declared
E: Verilog-4039: [C:/Users/wkk/Desktop/program/program/source/hdmi_top.v(line number: 67)] Identifier rstn_1ms is not declared
E: Verilog-4039: [C:/Users/wkk/Desktop/program/program/source/hdmi_top.v(line number: 71)] Identifier rstn_1ms is not declared
E: Parsing ERROR.
Parse module hierarchy of project 'C:/Users/wkk/Desktop/program/program/temp_projects/Main_Flow/Main_Flow.pds' (ADS Parser)
I: Flow-6004: Design file modified: "C:/Users/wkk/Desktop/program/program/source/top.v". 
E: Verilog-4005: [C:/Users/wkk/Desktop/program/program/source/top.v(line number: 48)] Syntax error near hs_out
E: Verilog-4005: [C:/Users/wkk/Desktop/program/program/source/top.v(line number: 49)] Syntax error near .
E: Verilog-4005: [C:/Users/wkk/Desktop/program/program/source/top.v(line number: 51)] Syntax error near .
E: Verilog-4005: [C:/Users/wkk/Desktop/program/program/source/top.v(line number: 52)] Syntax error near .
E: Verilog-4005: [C:/Users/wkk/Desktop/program/program/source/top.v(line number: 53)] Syntax error near .
E: Verilog-4005: [C:/Users/wkk/Desktop/program/program/source/top.v(line number: 55)] Syntax error near .
E: Verilog-4005: [C:/Users/wkk/Desktop/program/program/source/top.v(line number: 56)] Syntax error near .
E: Verilog-4005: [C:/Users/wkk/Desktop/program/program/source/top.v(line number: 57)] Syntax error near .
E: Verilog-4005: [C:/Users/wkk/Desktop/program/program/source/top.v(line number: 58)] Syntax error near .
E: Verilog-4005: [C:/Users/wkk/Desktop/program/program/source/top.v(line number: 60)] Syntax error near .
E: Verilog-4005: [C:/Users/wkk/Desktop/program/program/source/top.v(line number: 62)] Syntax error near )
E: Parsing ERROR.
E: Verilog-4039: [C:/Users/wkk/Desktop/program/program/source/hdmi_top.v(line number: 58)] Identifier cfg_clk is not declared
E: Verilog-4039: [C:/Users/wkk/Desktop/program/program/source/hdmi_top.v(line number: 60)] Identifier locked is not declared
E: Verilog-4039: [C:/Users/wkk/Desktop/program/program/source/hdmi_top.v(line number: 61)] Identifier rstn_1ms is not declared
E: Verilog-4039: [C:/Users/wkk/Desktop/program/program/source/hdmi_top.v(line number: 64)] Identifier rstn_1ms is not declared
E: Verilog-4039: [C:/Users/wkk/Desktop/program/program/source/hdmi_top.v(line number: 65)] Identifier rstn_1ms is not declared
E: Verilog-4039: [C:/Users/wkk/Desktop/program/program/source/hdmi_top.v(line number: 65)] Identifier rstn_1ms is not declared
E: Verilog-4039: [C:/Users/wkk/Desktop/program/program/source/hdmi_top.v(line number: 67)] Identifier rstn_1ms is not declared
E: Verilog-4039: [C:/Users/wkk/Desktop/program/program/source/hdmi_top.v(line number: 67)] Identifier rstn_1ms is not declared
E: Verilog-4039: [C:/Users/wkk/Desktop/program/program/source/hdmi_top.v(line number: 71)] Identifier rstn_1ms is not declared
E: Parsing ERROR.
Parse module hierarchy of project 'C:/Users/wkk/Desktop/program/program/temp_projects/Main_Flow/Main_Flow.pds' (ADS Parser)
I: Flow-6004: Design file modified: "C:/Users/wkk/Desktop/program/program/source/top.v". 
E: Verilog-4091: [C:/Users/wkk/Desktop/program/program/source/top.v(line number: 41)] Port clk_148m5 in the port list has no direction
E: Verilog-4091: [C:/Users/wkk/Desktop/program/program/source/top.v(line number: 42)] Port cfg_clk_10m in the port list has no direction
E: Verilog-4006: [C:/Users/wkk/Desktop/program/program/source/top.v(line number: 70)] Unexpected EOF. Incomplete design file.
E: Parsing ERROR.
E: Verilog-4039: [C:/Users/wkk/Desktop/program/program/source/hdmi_top.v(line number: 58)] Identifier cfg_clk is not declared
E: Verilog-4039: [C:/Users/wkk/Desktop/program/program/source/hdmi_top.v(line number: 60)] Identifier locked is not declared
E: Verilog-4039: [C:/Users/wkk/Desktop/program/program/source/hdmi_top.v(line number: 61)] Identifier rstn_1ms is not declared
E: Verilog-4039: [C:/Users/wkk/Desktop/program/program/source/hdmi_top.v(line number: 64)] Identifier rstn_1ms is not declared
E: Verilog-4039: [C:/Users/wkk/Desktop/program/program/source/hdmi_top.v(line number: 65)] Identifier rstn_1ms is not declared
E: Verilog-4039: [C:/Users/wkk/Desktop/program/program/source/hdmi_top.v(line number: 65)] Identifier rstn_1ms is not declared
E: Verilog-4039: [C:/Users/wkk/Desktop/program/program/source/hdmi_top.v(line number: 67)] Identifier rstn_1ms is not declared
E: Verilog-4039: [C:/Users/wkk/Desktop/program/program/source/hdmi_top.v(line number: 67)] Identifier rstn_1ms is not declared
E: Verilog-4039: [C:/Users/wkk/Desktop/program/program/source/hdmi_top.v(line number: 71)] Identifier rstn_1ms is not declared
E: Parsing ERROR.
Parse module hierarchy of project 'C:/Users/wkk/Desktop/program/program/temp_projects/Main_Flow/Main_Flow.pds' (ADS Parser)
I: Flow-6004: Design file modified: "C:/Users/wkk/Desktop/program/program/source/top.v". 
E: Verilog-4091: [C:/Users/wkk/Desktop/program/program/source/top.v(line number: 41)] Port clk_148m5 in the port list has no direction
E: Verilog-4091: [C:/Users/wkk/Desktop/program/program/source/top.v(line number: 42)] Port cfg_clk_10m in the port list has no direction
E: Verilog-4006: [C:/Users/wkk/Desktop/program/program/source/top.v(line number: 69)] Unexpected EOF. Incomplete design file.
E: Parsing ERROR.
E: Verilog-4039: [C:/Users/wkk/Desktop/program/program/source/hdmi_top.v(line number: 58)] Identifier cfg_clk is not declared
E: Verilog-4039: [C:/Users/wkk/Desktop/program/program/source/hdmi_top.v(line number: 60)] Identifier locked is not declared
E: Verilog-4039: [C:/Users/wkk/Desktop/program/program/source/hdmi_top.v(line number: 61)] Identifier rstn_1ms is not declared
E: Verilog-4039: [C:/Users/wkk/Desktop/program/program/source/hdmi_top.v(line number: 64)] Identifier rstn_1ms is not declared
E: Verilog-4039: [C:/Users/wkk/Desktop/program/program/source/hdmi_top.v(line number: 65)] Identifier rstn_1ms is not declared
E: Verilog-4039: [C:/Users/wkk/Desktop/program/program/source/hdmi_top.v(line number: 65)] Identifier rstn_1ms is not declared
E: Verilog-4039: [C:/Users/wkk/Desktop/program/program/source/hdmi_top.v(line number: 67)] Identifier rstn_1ms is not declared
E: Verilog-4039: [C:/Users/wkk/Desktop/program/program/source/hdmi_top.v(line number: 67)] Identifier rstn_1ms is not declared
E: Verilog-4039: [C:/Users/wkk/Desktop/program/program/source/hdmi_top.v(line number: 71)] Identifier rstn_1ms is not declared
E: Parsing ERROR.
File "C:/Users/wkk/Desktop/program/program/source/hdmi/constr/hdmi_loop.fdc" has been added to project successfully. 


Process "Synthesize" started.
Current time: Tue May 16 00:16:27 2023
Compiling architecture definition.
Analyzing project file 'C:/Users/wkk/Desktop/program/program/program.pds'.
E: Flow-0028: Synplify pro license is not set.
Program Error Out.
E: FileSystem-0002: Open file 'C:/Users/wkk/Desktop/program/program/synthesize/synplify_impl/synplify.srr' failed.
Program Error Out.
Parse module hierarchy of project 'C:/Users/wkk/Desktop/program/program/temp_projects/Main_Flow/Main_Flow.pds' (ADS Parser)
I: Flow-6004: Design file modified: "C:/Users/wkk/Desktop/program/program/source/top.v". 
E: Verilog-4039: [C:/Users/wkk/Desktop/program/program/source/hdmi_top.v(line number: 58)] Identifier cfg_clk is not declared
E: Verilog-4039: [C:/Users/wkk/Desktop/program/program/source/hdmi_top.v(line number: 60)] Identifier locked is not declared
E: Verilog-4039: [C:/Users/wkk/Desktop/program/program/source/hdmi_top.v(line number: 61)] Identifier rstn_1ms is not declared
E: Verilog-4039: [C:/Users/wkk/Desktop/program/program/source/hdmi_top.v(line number: 64)] Identifier rstn_1ms is not declared
E: Verilog-4039: [C:/Users/wkk/Desktop/program/program/source/hdmi_top.v(line number: 65)] Identifier rstn_1ms is not declared
E: Verilog-4039: [C:/Users/wkk/Desktop/program/program/source/hdmi_top.v(line number: 65)] Identifier rstn_1ms is not declared
E: Verilog-4039: [C:/Users/wkk/Desktop/program/program/source/hdmi_top.v(line number: 67)] Identifier rstn_1ms is not declared
E: Verilog-4039: [C:/Users/wkk/Desktop/program/program/source/hdmi_top.v(line number: 67)] Identifier rstn_1ms is not declared
E: Verilog-4039: [C:/Users/wkk/Desktop/program/program/source/hdmi_top.v(line number: 71)] Identifier rstn_1ms is not declared
E: Parsing ERROR.


Process "Synthesize" started.
Current time: Tue May 16 00:17:24 2023
Compiling architecture definition.
Analyzing project file 'C:/Users/wkk/Desktop/program/program/program.pds'.
E: Flow-0028: Synplify pro license is not set.
Program Error Out.
E: FileSystem-0002: Open file 'C:/Users/wkk/Desktop/program/program/synthesize/synplify_impl/synplify.srr' failed.
Program Error Out.
Executing : clean
E: Flow-0153: One of options " 'action' 'all' " should be set and at most one should be set.
E: Flow-0046: Execute tcl command fail. Error message is 'invalid command name "cls"'.
Executing : clean
E: Flow-0153: One of options " 'action' 'all' " should be set and at most one should be set.
E: Flow-0072: In command 'clean', the argument 'all' is not defined.


Process "Synthesize" started.
Current time: Tue May 16 00:18:11 2023
Compiling architecture definition.
Analyzing project file 'C:/Users/wkk/Desktop/program/program/program.pds'.
E: Flow-0028: Synplify pro license is not set.
Program Error Out.
E: FileSystem-0002: Open file 'C:/Users/wkk/Desktop/program/program/synthesize/synplify_impl/synplify.srr' failed.
Program Error Out.


Process "Synthesize" started.
Current time: Tue May 16 00:18:26 2023
Compiling architecture definition.
Analyzing project file 'C:/Users/wkk/Desktop/program/program/program.pds'.
E: Flow-0028: Synplify pro license is not set.
Program Error Out.
E: FileSystem-0002: Open file 'C:/Users/wkk/Desktop/program/program/synthesize/synplify_impl/synplify.srr' failed.
Program Error Out.


Process "Synthesize" started.
Current time: Tue May 16 00:18:35 2023
Compiling architecture definition.
Analyzing project file 'C:/Users/wkk/Desktop/program/program/program.pds'.
E: Flow-0028: Synplify pro license is not set.
Program Error Out.
E: FileSystem-0002: Open file 'C:/Users/wkk/Desktop/program/program/synthesize/synplify_impl/synplify.srr' failed.
Program Error Out.
