
                               Synplify Pro (R) 

                  Version S-2021.09P for win64 - Mar 08, 2022 

                    Copyright (c) 1988 - 2022 Synopsys, Inc.
   This software and the associated documentation are proprietary to Synopsys,
 Inc. This software may only be used in accordance with the terms and conditions
 of a written license agreement with Synopsys, Inc. All other use, reproduction,
   or distribution of this software is strictly prohibited.  Licensed Products
     communicate with Synopsys servers for the purpose of providing software
    updates, detecting software piracy and verifying that customers are using
    Licensed Products in conformity with the applicable License Key for such
  Licensed Products. Synopsys will use information gathered in connection with
    this process to deliver software updates and pursue software pirates and
                                   infringers.

 Inclusivity & Diversity - Visit SolvNetPlus to read the "Synopsys Statement on
            Inclusivity and Diversity" (Refer to article 000036315 at
                        https://solvnetplus.synopsys.com)

Starting:    E:\software\PDS_2022.1\syn\bin64\mbin\synbatch.exe
Install:     E:\software\PDS_2022.1\syn
Hostname:    DESKTOP-7S7UGPP
Date:        Tue May 16 01:58:08 2023
Version:     S-2021.09P

Arguments:   -product synplify_pro -licensetype synplifypro_pango -batch C:/Users/wkk/Desktop/program/program/synthesize/synplify_pro.prj -tclcmd project -run synthesis
ProductType: synplify_pro

License checkout: synplifypro_pango
License: synplifypro_pango node-locked 
Licensed Vendor: pango

Running in Vendor Mode

"enable_prepacking" is unrecognized option for current device
"automatic_compile_point" is unrecognized option for current device
auto_infer_blackbox is not supported in current product.
log file: "C:\Users\wkk\Desktop\program\program\synthesize\synplify_impl\synplify.srr"
Running: synplify_impl in foreground

Running synplify_pro|synplify_impl

Running Flow: compile (Compile) on synplify_pro|synplify_impl
# Tue May 16 01:58:08 2023

Running Flow: compile_flow (Compile Process) on synplify_pro|synplify_impl
# Tue May 16 01:58:08 2023

Running: compiler (Compile Input) on synplify_pro|synplify_impl
# Tue May 16 01:58:08 2023
Copied C:\Users\wkk\Desktop\program\program\synthesize\synplify_impl\synwork\synplify_comp.srs to C:\Users\wkk\Desktop\program\program\synthesize\synplify_impl\synplify.srs

compiler completed
# Tue May 16 01:58:11 2023

Return Code: 0
Run Time:00h:00m:03s

Running: multi_srs_gen (Multi-srs Generator) on synplify_pro|synplify_impl
# Tue May 16 01:58:11 2023

multi_srs_gen completed
# Tue May 16 01:58:12 2023

Return Code: 0
Run Time:00h:00m:01s
Copied C:\Users\wkk\Desktop\program\program\synthesize\synplify_impl\synwork\synplify_mult.srs to C:\Users\wkk\Desktop\program\program\synthesize\synplify_impl\synplify.srs
Copied C:\Users\wkk\Desktop\program\program\synthesize\synplify_impl\synplify.srr to C:\Users\wkk\Desktop\program\program\synthesize\synplify.log
Complete: Compile Process on synplify_pro|synplify_impl

Running: premap (Premap) on synplify_pro|synplify_impl
# Tue May 16 01:58:12 2023

premap completed with warnings
# Tue May 16 01:58:13 2023

Return Code: 1
Run Time:00h:00m:01s
Complete: Compile on synplify_pro|synplify_impl

Running Flow: map (Map) on synplify_pro|synplify_impl
# Tue May 16 01:58:13 2023
License granted for 4 parallel jobs

Running: fpga_mapper (Map & Optimize) on synplify_pro|synplify_impl
# Tue May 16 01:58:13 2023
Copied C:\Users\wkk\Desktop\program\program\synthesize\synplify_impl\synwork\synplify_m.srm to C:\Users\wkk\Desktop\program\program\synthesize\synplify_impl\synplify.srm

fpga_mapper completed with warnings
# Tue May 16 01:58:26 2023

Return Code: 1
Run Time:00h:00m:13s
Complete: Map on synplify_pro|synplify_impl
Copied C:\Users\wkk\Desktop\program\program\synthesize\synplify_impl\synplify.srr to C:\Users\wkk\Desktop\program\program\synthesize\synplify.log
Complete: Logic Synthesis on synplify_pro|synplify_impl
Running TCL Command: "project -run synthesis"
exit status=0
exit status=0
License checkin: synplifypro_pango
