
Copyright (C) 1994-2021 Synopsys, Inc.
This Synopsys software and all associated documentation are proprietary to Synopsys, Inc.
and may only be used pursuant to the terms and conditions of a written license agreement
with Synopsys, Inc. All other use, reproduction, modification, or distribution of the
Synopsys software or the associated documentation is strictly prohibited.
Tool: Synplify Pro (R)
Build: S-2021.09P
Install: E:\software\PDS_2022.1\syn
OS: Windows 6.2

Hostname: DESKTOP-7S7UGPP

Implementation : synplify_impl
Synopsys HDL compiler and linker, Version comp202109synp1, Build 238R, Built Mar  8 2022 09:18:06, @

Modified Files: 14
FID:  path (prevtimestamp, timestamp)
0        C:\Users\wkk\Desktop\program\program\ipcore\sys_pll\sys_pll.v (N/A, 2023-05-16 01:07:51)
1        C:\Users\wkk\Desktop\program\program\source\hdmi\iic_dri.v (N/A, 2023-02-17 21:14:25)
2        C:\Users\wkk\Desktop\program\program\source\hdmi\ms7200_ctl.v (N/A, 2023-02-17 21:14:24)
3        C:\Users\wkk\Desktop\program\program\source\hdmi\ms7210_ctl.v (N/A, 2023-02-17 21:14:24)
4        C:\Users\wkk\Desktop\program\program\source\hdmi\ms72xx_ctl.v (N/A, 2023-02-17 21:14:24)
5        C:\Users\wkk\Desktop\program\program\source\hdmi\pattern_vg.v (N/A, 2023-05-15 22:05:03)
6        C:\Users\wkk\Desktop\program\program\source\hdmi\sync_vg.v (N/A, 2023-02-17 21:14:25)
7        C:\Users\wkk\Desktop\program\program\source\hdmi_top.v (N/A, 2023-05-16 02:03:58)
8        C:\Users\wkk\Desktop\program\program\source\top.v (N/A, 2023-05-16 02:04:27)
9        E:\software\PDS_2022.1\syn\lib\generic\logos.v (N/A, 2022-07-12 01:25:16)
10       E:\software\PDS_2022.1\syn\lib\vlog\hypermods.v (N/A, 2022-07-12 01:25:54)
11       E:\software\PDS_2022.1\syn\lib\vlog\scemi_objects.v (N/A, 2022-07-12 01:25:54)
12       E:\software\PDS_2022.1\syn\lib\vlog\scemi_pipes.svh (N/A, 2022-07-12 01:25:54)
13       E:\software\PDS_2022.1\syn\lib\vlog\umr_capim.v (N/A, 2022-07-12 01:25:54)

*******************************************************************
Modules that may have changed as a result of file changes: 9
MID:  lib.cell.view
0        work.hdmi_top.verilog may have changed because the following files changed:
                        C:\Users\wkk\Desktop\program\program\source\hdmi_top.v (N/A, 2023-05-16 02:03:58) <-- (module definition)
                        C:\Users\wkk\Desktop\program\program\source\top.v (N/A, 2023-05-16 02:04:27) <-- (may instantiate this module)
1        work.iic_dri.verilog may have changed because the following files changed:
                        C:\Users\wkk\Desktop\program\program\source\hdmi\iic_dri.v (N/A, 2023-02-17 21:14:25) <-- (module definition)
                        C:\Users\wkk\Desktop\program\program\source\hdmi\ms72xx_ctl.v (N/A, 2023-02-17 21:14:24) <-- (may instantiate this module)
                        C:\Users\wkk\Desktop\program\program\source\hdmi_top.v (N/A, 2023-05-16 02:03:58) <-- (may instantiate this module)
                        C:\Users\wkk\Desktop\program\program\source\top.v (N/A, 2023-05-16 02:04:27) <-- (may instantiate this module)
2        work.ms7200_ctl.verilog may have changed because the following files changed:
                        C:\Users\wkk\Desktop\program\program\source\hdmi\ms7200_ctl.v (N/A, 2023-02-17 21:14:24) <-- (module definition)
                        C:\Users\wkk\Desktop\program\program\source\hdmi\ms72xx_ctl.v (N/A, 2023-02-17 21:14:24) <-- (may instantiate this module)
                        C:\Users\wkk\Desktop\program\program\source\hdmi_top.v (N/A, 2023-05-16 02:03:58) <-- (may instantiate this module)
                        C:\Users\wkk\Desktop\program\program\source\top.v (N/A, 2023-05-16 02:04:27) <-- (may instantiate this module)
3        work.ms7210_ctl.verilog may have changed because the following files changed:
                        C:\Users\wkk\Desktop\program\program\source\hdmi\ms7210_ctl.v (N/A, 2023-02-17 21:14:24) <-- (module definition)
                        C:\Users\wkk\Desktop\program\program\source\hdmi\ms72xx_ctl.v (N/A, 2023-02-17 21:14:24) <-- (may instantiate this module)
                        C:\Users\wkk\Desktop\program\program\source\hdmi_top.v (N/A, 2023-05-16 02:03:58) <-- (may instantiate this module)
                        C:\Users\wkk\Desktop\program\program\source\top.v (N/A, 2023-05-16 02:04:27) <-- (may instantiate this module)
4        work.ms72xx_ctl.verilog may have changed because the following files changed:
                        C:\Users\wkk\Desktop\program\program\source\hdmi\ms72xx_ctl.v (N/A, 2023-02-17 21:14:24) <-- (module definition)
                        C:\Users\wkk\Desktop\program\program\source\hdmi_top.v (N/A, 2023-05-16 02:03:58) <-- (may instantiate this module)
                        C:\Users\wkk\Desktop\program\program\source\top.v (N/A, 2023-05-16 02:04:27) <-- (may instantiate this module)
5        work.pattern_vg.verilog may have changed because the following files changed:
                        C:\Users\wkk\Desktop\program\program\source\hdmi\pattern_vg.v (N/A, 2023-05-15 22:05:03) <-- (module definition)
                        C:\Users\wkk\Desktop\program\program\source\hdmi_top.v (N/A, 2023-05-16 02:03:58) <-- (may instantiate this module)
                        C:\Users\wkk\Desktop\program\program\source\top.v (N/A, 2023-05-16 02:04:27) <-- (may instantiate this module)
6        work.sync_vg.verilog may have changed because the following files changed:
                        C:\Users\wkk\Desktop\program\program\source\hdmi\sync_vg.v (N/A, 2023-02-17 21:14:25) <-- (module definition)
                        C:\Users\wkk\Desktop\program\program\source\hdmi_top.v (N/A, 2023-05-16 02:03:58) <-- (may instantiate this module)
                        C:\Users\wkk\Desktop\program\program\source\top.v (N/A, 2023-05-16 02:04:27) <-- (may instantiate this module)
7        work.sys_pll.verilog may have changed because the following files changed:
                        C:\Users\wkk\Desktop\program\program\ipcore\sys_pll\sys_pll.v (N/A, 2023-05-16 01:07:51) <-- (module definition)
                        C:\Users\wkk\Desktop\program\program\source\top.v (N/A, 2023-05-16 02:04:27) <-- (may instantiate this module)
8        work.top.verilog may have changed because the following files changed:
                        C:\Users\wkk\Desktop\program\program\source\top.v (N/A, 2023-05-16 02:04:27) <-- (module definition)

*******************************************************************
Unmodified files: 0
FID:  path (timestamp)

*******************************************************************
Unchanged modules: 0
MID:  lib.cell.view
