#Build: Fabric Compiler 2022.1, Build 99559, Jul 12 00:20 2022
#Install: E:\software\PDS_2022.1\bin
#Application name: pds_shell.exe
#OS: Windows 10 10.0.22000
#Hostname: DESKTOP-7S7UGPP
Generated by Fabric Compiler (version 2022.1 build 99559) at Tue May 16 00:57:25 2023
Compiling verification operator library.
Compiling common defs.
Compiling prim grid devices.
Compiling gate devices.
Compiling gate operators.
Building architecture model.
Loading device packaging model.
Reading design from DB.
Start Generating Programming File...
Reading design from DB takes 0.125000 sec.
Generating architecture configuration.
The bitstream file is "C:/Users/wkk/Desktop/program/program/generate_bitstream/top.sbit"
Generate programming file takes 3.218750 sec.
Generating Programming File done.
Action gen_bit_stream: Real time elapsed is 0h:0m:7s
Action gen_bit_stream: CPU time elapsed is 0h:0m:6s
Action gen_bit_stream: Process CPU time elapsed is 0h:0m:6s
Current time: Tue May 16 00:57:31 2023
Action gen_bit_stream: Peak memory pool usage is 616 MB
