#Build: Fabric Compiler 2022.1, Build 99559, Jul 12 00:20 2022
#Install: E:\software\PDS_2022.1\bin
#Application name: pds_shell.exe
#OS: Windows 10 10.0.22000
#Hostname: DESKTOP-7S7UGPP
Generated by Fabric Compiler (version 2022.1 build 99559) at Tue May 16 01:31:35 2023
Compiling verification operator library.
Compiling common defs.
Compiling prim grid devices.
Compiling gate devices.
Compiling gate operators.
Building architecture model.
Loading device packaging model.
Building architecture floorplan logic view.
Constraint check start.
Executing : def_port {iic_sda} LOC=V20 VCCIO=3.3 IOSTANDARD=LVCMOS33 DRIVE=8 SLEW=FAST UNUSED=TRUE
C: ConstraintEditor-2002: [C:/Users/wkk/Desktop/program/program/device_map/top.pcf(line number: 3)] | Port iic_sda has been placed at location V20, whose type is share pin.
Executing : def_port {iic_sda} LOC=V20 VCCIO=3.3 IOSTANDARD=LVCMOS33 DRIVE=8 SLEW=FAST UNUSED=TRUE successfully
Executing : def_port {iic_tx_sda} LOC=P18 VCCIO=3.3 IOSTANDARD=LVCMOS33 DRIVE=8 SLEW=FAST UNUSED=TRUE
Executing : def_port {iic_tx_sda} LOC=P18 VCCIO=3.3 IOSTANDARD=LVCMOS33 DRIVE=8 SLEW=FAST UNUSED=TRUE successfully
Executing : def_port {b_out[0]} LOC=V21 VCCIO=3.3 IOSTANDARD=LVCMOS33 DRIVE=8 SLEW=FAST NONE=TRUE
Executing : def_port {b_out[0]} LOC=V21 VCCIO=3.3 IOSTANDARD=LVCMOS33 DRIVE=8 SLEW=FAST NONE=TRUE successfully
Executing : def_port {b_out[1]} LOC=V22 VCCIO=3.3 IOSTANDARD=LVCMOS33 DRIVE=8 SLEW=FAST NONE=TRUE
Executing : def_port {b_out[1]} LOC=V22 VCCIO=3.3 IOSTANDARD=LVCMOS33 DRIVE=8 SLEW=FAST NONE=TRUE successfully
Executing : def_port {b_out[2]} LOC=T21 VCCIO=3.3 IOSTANDARD=LVCMOS33 DRIVE=8 SLEW=FAST NONE=TRUE
C: ConstraintEditor-2002: [C:/Users/wkk/Desktop/program/program/device_map/top.pcf(line number: 7)] | Port b_out[2] has been placed at location T21, whose type is share pin.
Executing : def_port {b_out[2]} LOC=T21 VCCIO=3.3 IOSTANDARD=LVCMOS33 DRIVE=8 SLEW=FAST NONE=TRUE successfully
Executing : def_port {b_out[3]} LOC=T22 VCCIO=3.3 IOSTANDARD=LVCMOS33 DRIVE=8 SLEW=FAST NONE=TRUE
Executing : def_port {b_out[3]} LOC=T22 VCCIO=3.3 IOSTANDARD=LVCMOS33 DRIVE=8 SLEW=FAST NONE=TRUE successfully
Executing : def_port {b_out[4]} LOC=R20 VCCIO=3.3 IOSTANDARD=LVCMOS33 DRIVE=8 SLEW=FAST NONE=TRUE
C: ConstraintEditor-2002: [C:/Users/wkk/Desktop/program/program/device_map/top.pcf(line number: 9)] | Port b_out[4] has been placed at location R20, whose type is share pin.
Executing : def_port {b_out[4]} LOC=R20 VCCIO=3.3 IOSTANDARD=LVCMOS33 DRIVE=8 SLEW=FAST NONE=TRUE successfully
Executing : def_port {b_out[5]} LOC=R22 VCCIO=3.3 IOSTANDARD=LVCMOS33 DRIVE=8 SLEW=FAST NONE=TRUE
C: ConstraintEditor-2002: [C:/Users/wkk/Desktop/program/program/device_map/top.pcf(line number: 10)] | Port b_out[5] has been placed at location R22, whose type is share pin.
Executing : def_port {b_out[5]} LOC=R22 VCCIO=3.3 IOSTANDARD=LVCMOS33 DRIVE=8 SLEW=FAST NONE=TRUE successfully
Executing : def_port {b_out[6]} LOC=R19 VCCIO=3.3 IOSTANDARD=LVCMOS33 DRIVE=8 SLEW=FAST NONE=TRUE
Executing : def_port {b_out[6]} LOC=R19 VCCIO=3.3 IOSTANDARD=LVCMOS33 DRIVE=8 SLEW=FAST NONE=TRUE successfully
Executing : def_port {b_out[7]} LOC=P19 VCCIO=3.3 IOSTANDARD=LVCMOS33 DRIVE=8 SLEW=FAST NONE=TRUE
Executing : def_port {b_out[7]} LOC=P19 VCCIO=3.3 IOSTANDARD=LVCMOS33 DRIVE=8 SLEW=FAST NONE=TRUE successfully
Executing : def_port {de_out} LOC=Y22 VCCIO=3.3 IOSTANDARD=LVCMOS33 DRIVE=8 SLEW=FAST NONE=TRUE
Executing : def_port {de_out} LOC=Y22 VCCIO=3.3 IOSTANDARD=LVCMOS33 DRIVE=8 SLEW=FAST NONE=TRUE successfully
Executing : def_port {g_out[0]} LOC=M21 VCCIO=3.3 IOSTANDARD=LVCMOS33 DRIVE=8 SLEW=FAST NONE=TRUE
C: ConstraintEditor-2002: [C:/Users/wkk/Desktop/program/program/device_map/top.pcf(line number: 14)] | Port g_out[0] has been placed at location M21, whose type is share pin.
Executing : def_port {g_out[0]} LOC=M21 VCCIO=3.3 IOSTANDARD=LVCMOS33 DRIVE=8 SLEW=FAST NONE=TRUE successfully
Executing : def_port {g_out[1]} LOC=M17 VCCIO=3.3 IOSTANDARD=LVCMOS33 DRIVE=8 SLEW=FAST NONE=TRUE
Executing : def_port {g_out[1]} LOC=M17 VCCIO=3.3 IOSTANDARD=LVCMOS33 DRIVE=8 SLEW=FAST NONE=TRUE successfully
Executing : def_port {g_out[2]} LOC=M18 VCCIO=3.3 IOSTANDARD=LVCMOS33 DRIVE=8 SLEW=FAST NONE=TRUE
Executing : def_port {g_out[2]} LOC=M18 VCCIO=3.3 IOSTANDARD=LVCMOS33 DRIVE=8 SLEW=FAST NONE=TRUE successfully
Executing : def_port {g_out[3]} LOC=M16 VCCIO=3.3 IOSTANDARD=LVCMOS33 DRIVE=8 SLEW=FAST NONE=TRUE
Executing : def_port {g_out[3]} LOC=M16 VCCIO=3.3 IOSTANDARD=LVCMOS33 DRIVE=8 SLEW=FAST NONE=TRUE successfully
Executing : def_port {g_out[4]} LOC=N15 VCCIO=3.3 IOSTANDARD=LVCMOS33 DRIVE=8 SLEW=FAST NONE=TRUE
Executing : def_port {g_out[4]} LOC=N15 VCCIO=3.3 IOSTANDARD=LVCMOS33 DRIVE=8 SLEW=FAST NONE=TRUE successfully
Executing : def_port {g_out[5]} LOC=L19 VCCIO=3.3 IOSTANDARD=LVCMOS33 DRIVE=8 SLEW=FAST NONE=TRUE
C: ConstraintEditor-2002: [C:/Users/wkk/Desktop/program/program/device_map/top.pcf(line number: 19)] | Port g_out[5] has been placed at location L19, whose type is share pin.
Executing : def_port {g_out[5]} LOC=L19 VCCIO=3.3 IOSTANDARD=LVCMOS33 DRIVE=8 SLEW=FAST NONE=TRUE successfully
Executing : def_port {g_out[6]} LOC=K20 VCCIO=3.3 IOSTANDARD=LVCMOS33 DRIVE=8 SLEW=FAST NONE=TRUE
C: ConstraintEditor-2002: [C:/Users/wkk/Desktop/program/program/device_map/top.pcf(line number: 20)] | Port g_out[6] has been placed at location K20, whose type is share pin.
Executing : def_port {g_out[6]} LOC=K20 VCCIO=3.3 IOSTANDARD=LVCMOS33 DRIVE=8 SLEW=FAST NONE=TRUE successfully
Executing : def_port {g_out[7]} LOC=L17 VCCIO=3.3 IOSTANDARD=LVCMOS33 DRIVE=8 SLEW=FAST NONE=TRUE
C: ConstraintEditor-2002: [C:/Users/wkk/Desktop/program/program/device_map/top.pcf(line number: 21)] | Port g_out[7] has been placed at location L17, whose type is share pin.
Executing : def_port {g_out[7]} LOC=L17 VCCIO=3.3 IOSTANDARD=LVCMOS33 DRIVE=8 SLEW=FAST NONE=TRUE successfully
Executing : def_port {hs_out} LOC=Y21 VCCIO=3.3 IOSTANDARD=LVCMOS33 DRIVE=8 SLEW=FAST NONE=TRUE
Executing : def_port {hs_out} LOC=Y21 VCCIO=3.3 IOSTANDARD=LVCMOS33 DRIVE=8 SLEW=FAST NONE=TRUE successfully
Executing : def_port {iic_scl} LOC=V19 VCCIO=3.3 IOSTANDARD=LVCMOS33 DRIVE=8 SLEW=FAST UNUSED=TRUE
C: ConstraintEditor-2002: [C:/Users/wkk/Desktop/program/program/device_map/top.pcf(line number: 23)] | Port iic_scl has been placed at location V19, whose type is share pin.
Executing : def_port {iic_scl} LOC=V19 VCCIO=3.3 IOSTANDARD=LVCMOS33 DRIVE=8 SLEW=FAST UNUSED=TRUE successfully
Executing : def_port {iic_tx_scl} LOC=P17 VCCIO=3.3 IOSTANDARD=LVCMOS33 DRIVE=8 SLEW=FAST UNUSED=TRUE
Executing : def_port {iic_tx_scl} LOC=P17 VCCIO=3.3 IOSTANDARD=LVCMOS33 DRIVE=8 SLEW=FAST UNUSED=TRUE successfully
Executing : def_port {led_int} LOC=B2 VCCIO=3.3 IOSTANDARD=LVCMOS33 DRIVE=8 SLEW=SLOW NONE=TRUE
Executing : def_port {led_int} LOC=B2 VCCIO=3.3 IOSTANDARD=LVCMOS33 DRIVE=8 SLEW=SLOW NONE=TRUE successfully
Executing : def_port {pixclk_out} LOC=M22 VCCIO=3.3 IOSTANDARD=LVCMOS33 DRIVE=8 SLEW=FAST NONE=TRUE
C: ConstraintEditor-2002: [C:/Users/wkk/Desktop/program/program/device_map/top.pcf(line number: 26)] | Port pixclk_out has been placed at location M22, whose type is share pin.
Executing : def_port {pixclk_out} LOC=M22 VCCIO=3.3 IOSTANDARD=LVCMOS33 DRIVE=8 SLEW=FAST NONE=TRUE successfully
Executing : def_port {r_out[0]} LOC=K17 VCCIO=3.3 IOSTANDARD=LVCMOS33 DRIVE=8 SLEW=FAST NONE=TRUE
C: ConstraintEditor-2002: [C:/Users/wkk/Desktop/program/program/device_map/top.pcf(line number: 27)] | Port r_out[0] has been placed at location K17, whose type is share pin.
Executing : def_port {r_out[0]} LOC=K17 VCCIO=3.3 IOSTANDARD=LVCMOS33 DRIVE=8 SLEW=FAST NONE=TRUE successfully
Executing : def_port {r_out[1]} LOC=N19 VCCIO=3.3 IOSTANDARD=LVCMOS33 DRIVE=8 SLEW=FAST NONE=TRUE
Executing : def_port {r_out[1]} LOC=N19 VCCIO=3.3 IOSTANDARD=LVCMOS33 DRIVE=8 SLEW=FAST NONE=TRUE successfully
Executing : def_port {r_out[2]} LOC=J22 VCCIO=3.3 IOSTANDARD=LVCMOS33 DRIVE=8 SLEW=FAST NONE=TRUE
Executing : def_port {r_out[2]} LOC=J22 VCCIO=3.3 IOSTANDARD=LVCMOS33 DRIVE=8 SLEW=FAST NONE=TRUE successfully
Executing : def_port {r_out[3]} LOC=J20 VCCIO=3.3 IOSTANDARD=LVCMOS33 DRIVE=8 SLEW=FAST NONE=TRUE
Executing : def_port {r_out[3]} LOC=J20 VCCIO=3.3 IOSTANDARD=LVCMOS33 DRIVE=8 SLEW=FAST NONE=TRUE successfully
Executing : def_port {r_out[4]} LOC=K22 VCCIO=3.3 IOSTANDARD=LVCMOS33 DRIVE=8 SLEW=FAST NONE=TRUE
Executing : def_port {r_out[4]} LOC=K22 VCCIO=3.3 IOSTANDARD=LVCMOS33 DRIVE=8 SLEW=FAST NONE=TRUE successfully
Executing : def_port {r_out[5]} LOC=H21 VCCIO=3.3 IOSTANDARD=LVCMOS33 DRIVE=8 SLEW=FAST NONE=TRUE
C: ConstraintEditor-2002: [C:/Users/wkk/Desktop/program/program/device_map/top.pcf(line number: 32)] | Port r_out[5] has been placed at location H21, whose type is share pin.
Executing : def_port {r_out[5]} LOC=H21 VCCIO=3.3 IOSTANDARD=LVCMOS33 DRIVE=8 SLEW=FAST NONE=TRUE successfully
Executing : def_port {r_out[6]} LOC=H22 VCCIO=3.3 IOSTANDARD=LVCMOS33 DRIVE=8 SLEW=FAST NONE=TRUE
C: ConstraintEditor-2002: [C:/Users/wkk/Desktop/program/program/device_map/top.pcf(line number: 33)] | Port r_out[6] has been placed at location H22, whose type is share pin.
Executing : def_port {r_out[6]} LOC=H22 VCCIO=3.3 IOSTANDARD=LVCMOS33 DRIVE=8 SLEW=FAST NONE=TRUE successfully
Executing : def_port {r_out[7]} LOC=H19 VCCIO=3.3 IOSTANDARD=LVCMOS33 DRIVE=8 SLEW=FAST NONE=TRUE
C: ConstraintEditor-2002: [C:/Users/wkk/Desktop/program/program/device_map/top.pcf(line number: 34)] | Port r_out[7] has been placed at location H19, whose type is share pin.
Executing : def_port {r_out[7]} LOC=H19 VCCIO=3.3 IOSTANDARD=LVCMOS33 DRIVE=8 SLEW=FAST NONE=TRUE successfully
Executing : def_port {rstn_out} LOC=R17 VCCIO=3.3 IOSTANDARD=LVCMOS33 DRIVE=8 SLEW=FAST NONE=TRUE
Executing : def_port {rstn_out} LOC=R17 VCCIO=3.3 IOSTANDARD=LVCMOS33 DRIVE=8 SLEW=FAST NONE=TRUE successfully
Executing : def_port {vs_out} LOC=W20 VCCIO=3.3 IOSTANDARD=LVCMOS33 DRIVE=8 SLEW=FAST NONE=TRUE
Executing : def_port {vs_out} LOC=W20 VCCIO=3.3 IOSTANDARD=LVCMOS33 DRIVE=8 SLEW=FAST NONE=TRUE successfully
Executing : def_port {b_in[0]} LOC=U14 VCCIO=3.3 IOSTANDARD=LVCMOS33 NONE=TRUE
C: ConstraintEditor-2001: [C:/Users/wkk/Desktop/program/program/device_map/top.pcf(line number: 37)] Object 'b_in[0]' is dangling, which has no connection. it will be ignored.
Executing : def_port {b_in[0]} LOC=U14 VCCIO=3.3 IOSTANDARD=LVCMOS33 NONE=TRUE failed
Executing : def_port {b_in[1]} LOC=U15 VCCIO=3.3 IOSTANDARD=LVCMOS33 NONE=TRUE
C: ConstraintEditor-2001: [C:/Users/wkk/Desktop/program/program/device_map/top.pcf(line number: 38)] Object 'b_in[1]' is dangling, which has no connection. it will be ignored.
Executing : def_port {b_in[1]} LOC=U15 VCCIO=3.3 IOSTANDARD=LVCMOS33 NONE=TRUE failed
Executing : def_port {b_in[2]} LOC=T15 VCCIO=3.3 IOSTANDARD=LVCMOS33 NONE=TRUE
C: ConstraintEditor-2001: [C:/Users/wkk/Desktop/program/program/device_map/top.pcf(line number: 39)] Object 'b_in[2]' is dangling, which has no connection. it will be ignored.
Executing : def_port {b_in[2]} LOC=T15 VCCIO=3.3 IOSTANDARD=LVCMOS33 NONE=TRUE failed
Executing : def_port {b_in[3]} LOC=W15 VCCIO=3.3 IOSTANDARD=LVCMOS33 NONE=TRUE
C: ConstraintEditor-2001: [C:/Users/wkk/Desktop/program/program/device_map/top.pcf(line number: 40)] Object 'b_in[3]' is dangling, which has no connection. it will be ignored.
Executing : def_port {b_in[3]} LOC=W15 VCCIO=3.3 IOSTANDARD=LVCMOS33 NONE=TRUE failed
Executing : def_port {b_in[4]} LOC=Y16 VCCIO=3.3 IOSTANDARD=LVCMOS33 NONE=TRUE
C: ConstraintEditor-2001: [C:/Users/wkk/Desktop/program/program/device_map/top.pcf(line number: 41)] Object 'b_in[4]' is dangling, which has no connection. it will be ignored.
Executing : def_port {b_in[4]} LOC=Y16 VCCIO=3.3 IOSTANDARD=LVCMOS33 NONE=TRUE failed
Executing : def_port {b_in[5]} LOC=AB16 VCCIO=3.3 IOSTANDARD=LVCMOS33 NONE=TRUE
C: ConstraintEditor-2001: [C:/Users/wkk/Desktop/program/program/device_map/top.pcf(line number: 42)] Object 'b_in[5]' is dangling, which has no connection. it will be ignored.
Executing : def_port {b_in[5]} LOC=AB16 VCCIO=3.3 IOSTANDARD=LVCMOS33 NONE=TRUE failed
Executing : def_port {b_in[6]} LOC=AA16 VCCIO=3.3 IOSTANDARD=LVCMOS33 NONE=TRUE
C: ConstraintEditor-2001: [C:/Users/wkk/Desktop/program/program/device_map/top.pcf(line number: 43)] Object 'b_in[6]' is dangling, which has no connection. it will be ignored.
Executing : def_port {b_in[6]} LOC=AA16 VCCIO=3.3 IOSTANDARD=LVCMOS33 NONE=TRUE failed
Executing : def_port {b_in[7]} LOC=AB17 VCCIO=3.3 IOSTANDARD=LVCMOS33 NONE=TRUE
C: ConstraintEditor-2001: [C:/Users/wkk/Desktop/program/program/device_map/top.pcf(line number: 44)] Object 'b_in[7]' is dangling, which has no connection. it will be ignored.
Executing : def_port {b_in[7]} LOC=AB17 VCCIO=3.3 IOSTANDARD=LVCMOS33 NONE=TRUE failed
Executing : def_port {de_in} LOC=U13 VCCIO=3.3 IOSTANDARD=LVCMOS33 NONE=TRUE
C: ConstraintEditor-2001: [C:/Users/wkk/Desktop/program/program/device_map/top.pcf(line number: 45)] Object 'de_in' is dangling, which has no connection. it will be ignored.
Executing : def_port {de_in} LOC=U13 VCCIO=3.3 IOSTANDARD=LVCMOS33 NONE=TRUE failed
Executing : def_port {g_in[0]} LOC=Y17 VCCIO=3.3 IOSTANDARD=LVCMOS33 NONE=TRUE
C: ConstraintEditor-2001: [C:/Users/wkk/Desktop/program/program/device_map/top.pcf(line number: 46)] Object 'g_in[0]' is dangling, which has no connection. it will be ignored.
Executing : def_port {g_in[0]} LOC=Y17 VCCIO=3.3 IOSTANDARD=LVCMOS33 NONE=TRUE failed
Executing : def_port {g_in[1]} LOC=V17 VCCIO=3.3 IOSTANDARD=LVCMOS33 NONE=TRUE
C: ConstraintEditor-2001: [C:/Users/wkk/Desktop/program/program/device_map/top.pcf(line number: 47)] Object 'g_in[1]' is dangling, which has no connection. it will be ignored.
Executing : def_port {g_in[1]} LOC=V17 VCCIO=3.3 IOSTANDARD=LVCMOS33 NONE=TRUE failed
Executing : def_port {g_in[2]} LOC=W18 VCCIO=3.3 IOSTANDARD=LVCMOS33 NONE=TRUE
C: ConstraintEditor-2001: [C:/Users/wkk/Desktop/program/program/device_map/top.pcf(line number: 48)] Object 'g_in[2]' is dangling, which has no connection. it will be ignored.
Executing : def_port {g_in[2]} LOC=W18 VCCIO=3.3 IOSTANDARD=LVCMOS33 NONE=TRUE failed
Executing : def_port {g_in[3]} LOC=AB19 VCCIO=3.3 IOSTANDARD=LVCMOS33 NONE=TRUE
C: ConstraintEditor-2001: [C:/Users/wkk/Desktop/program/program/device_map/top.pcf(line number: 49)] Object 'g_in[3]' is dangling, which has no connection. it will be ignored.
Executing : def_port {g_in[3]} LOC=AB19 VCCIO=3.3 IOSTANDARD=LVCMOS33 NONE=TRUE failed
Executing : def_port {g_in[4]} LOC=AA18 VCCIO=3.3 IOSTANDARD=LVCMOS33 NONE=TRUE
C: ConstraintEditor-2001: [C:/Users/wkk/Desktop/program/program/device_map/top.pcf(line number: 50)] Object 'g_in[4]' is dangling, which has no connection. it will be ignored.
Executing : def_port {g_in[4]} LOC=AA18 VCCIO=3.3 IOSTANDARD=LVCMOS33 NONE=TRUE failed
Executing : def_port {g_in[5]} LOC=AB18 VCCIO=3.3 IOSTANDARD=LVCMOS33 NONE=TRUE
C: ConstraintEditor-2001: [C:/Users/wkk/Desktop/program/program/device_map/top.pcf(line number: 51)] Object 'g_in[5]' is dangling, which has no connection. it will be ignored.
Executing : def_port {g_in[5]} LOC=AB18 VCCIO=3.3 IOSTANDARD=LVCMOS33 NONE=TRUE failed
Executing : def_port {g_in[6]} LOC=Y18 VCCIO=3.3 IOSTANDARD=LVCMOS33 NONE=TRUE
C: ConstraintEditor-2001: [C:/Users/wkk/Desktop/program/program/device_map/top.pcf(line number: 52)] Object 'g_in[6]' is dangling, which has no connection. it will be ignored.
Executing : def_port {g_in[6]} LOC=Y18 VCCIO=3.3 IOSTANDARD=LVCMOS33 NONE=TRUE failed
Executing : def_port {g_in[7]} LOC=W17 VCCIO=3.3 IOSTANDARD=LVCMOS33 NONE=TRUE
C: ConstraintEditor-2001: [C:/Users/wkk/Desktop/program/program/device_map/top.pcf(line number: 53)] Object 'g_in[7]' is dangling, which has no connection. it will be ignored.
Executing : def_port {g_in[7]} LOC=W17 VCCIO=3.3 IOSTANDARD=LVCMOS33 NONE=TRUE failed
Executing : def_port {hs_in} LOC=V13 VCCIO=3.3 IOSTANDARD=LVCMOS33 NONE=TRUE
C: ConstraintEditor-2001: [C:/Users/wkk/Desktop/program/program/device_map/top.pcf(line number: 54)] Object 'hs_in' is dangling, which has no connection. it will be ignored.
Executing : def_port {hs_in} LOC=V13 VCCIO=3.3 IOSTANDARD=LVCMOS33 NONE=TRUE failed
Executing : def_port {pixclk_in} LOC=AA12 VCCIO=3.3 IOSTANDARD=LVCMOS33 NONE=TRUE
C: ConstraintEditor-2001: [C:/Users/wkk/Desktop/program/program/device_map/top.pcf(line number: 55)] Object 'pixclk_in' is dangling, which has no connection. it will be ignored.
Executing : def_port {pixclk_in} LOC=AA12 VCCIO=3.3 IOSTANDARD=LVCMOS33 NONE=TRUE failed
Executing : def_port {r_in[0]} LOC=Y15 VCCIO=3.3 IOSTANDARD=LVCMOS33 NONE=TRUE
C: ConstraintEditor-2001: [C:/Users/wkk/Desktop/program/program/device_map/top.pcf(line number: 56)] Object 'r_in[0]' is dangling, which has no connection. it will be ignored.
Executing : def_port {r_in[0]} LOC=Y15 VCCIO=3.3 IOSTANDARD=LVCMOS33 NONE=TRUE failed
Executing : def_port {r_in[1]} LOC=AB15 VCCIO=3.3 IOSTANDARD=LVCMOS33 NONE=TRUE
C: ConstraintEditor-2001: [C:/Users/wkk/Desktop/program/program/device_map/top.pcf(line number: 57)] Object 'r_in[1]' is dangling, which has no connection. it will be ignored.
Executing : def_port {r_in[1]} LOC=AB15 VCCIO=3.3 IOSTANDARD=LVCMOS33 NONE=TRUE failed
Executing : def_port {r_in[2]} LOC=U16 VCCIO=3.3 IOSTANDARD=LVCMOS33 NONE=TRUE
C: ConstraintEditor-2001: [C:/Users/wkk/Desktop/program/program/device_map/top.pcf(line number: 58)] Object 'r_in[2]' is dangling, which has no connection. it will be ignored.
Executing : def_port {r_in[2]} LOC=U16 VCCIO=3.3 IOSTANDARD=LVCMOS33 NONE=TRUE failed
Executing : def_port {r_in[3]} LOC=V15 VCCIO=3.3 IOSTANDARD=LVCMOS33 NONE=TRUE
C: ConstraintEditor-2001: [C:/Users/wkk/Desktop/program/program/device_map/top.pcf(line number: 59)] Object 'r_in[3]' is dangling, which has no connection. it will be ignored.
Executing : def_port {r_in[3]} LOC=V15 VCCIO=3.3 IOSTANDARD=LVCMOS33 NONE=TRUE failed
Executing : def_port {r_in[4]} LOC=AA14 VCCIO=3.3 IOSTANDARD=LVCMOS33 NONE=TRUE
C: ConstraintEditor-2001: [C:/Users/wkk/Desktop/program/program/device_map/top.pcf(line number: 60)] Object 'r_in[4]' is dangling, which has no connection. it will be ignored.
Executing : def_port {r_in[4]} LOC=AA14 VCCIO=3.3 IOSTANDARD=LVCMOS33 NONE=TRUE failed
Executing : def_port {r_in[5]} LOC=AB14 VCCIO=3.3 IOSTANDARD=LVCMOS33 NONE=TRUE
C: ConstraintEditor-2001: [C:/Users/wkk/Desktop/program/program/device_map/top.pcf(line number: 61)] Object 'r_in[5]' is dangling, which has no connection. it will be ignored.
Executing : def_port {r_in[5]} LOC=AB14 VCCIO=3.3 IOSTANDARD=LVCMOS33 NONE=TRUE failed
Executing : def_port {r_in[6]} LOC=W14 VCCIO=3.3 IOSTANDARD=LVCMOS33 NONE=TRUE
C: ConstraintEditor-2001: [C:/Users/wkk/Desktop/program/program/device_map/top.pcf(line number: 62)] Object 'r_in[6]' is dangling, which has no connection. it will be ignored.
Executing : def_port {r_in[6]} LOC=W14 VCCIO=3.3 IOSTANDARD=LVCMOS33 NONE=TRUE failed
Executing : def_port {r_in[7]} LOC=Y14 VCCIO=3.3 IOSTANDARD=LVCMOS33 NONE=TRUE
C: ConstraintEditor-2001: [C:/Users/wkk/Desktop/program/program/device_map/top.pcf(line number: 63)] Object 'r_in[7]' is dangling, which has no connection. it will be ignored.
Executing : def_port {r_in[7]} LOC=Y14 VCCIO=3.3 IOSTANDARD=LVCMOS33 NONE=TRUE failed
Executing : def_port {sys_clk} LOC=P20 VCCIO=3.3 IOSTANDARD=LVCMOS33 NONE=TRUE
Executing : def_port {sys_clk} LOC=P20 VCCIO=3.3 IOSTANDARD=LVCMOS33 NONE=TRUE successfully
Executing : def_port {vs_in} LOC=W13 VCCIO=3.3 IOSTANDARD=LVCMOS33 NONE=TRUE
C: ConstraintEditor-2001: [C:/Users/wkk/Desktop/program/program/device_map/top.pcf(line number: 65)] Object 'vs_in' is dangling, which has no connection. it will be ignored.
Executing : def_port {vs_in} LOC=W13 VCCIO=3.3 IOSTANDARD=LVCMOS33 NONE=TRUE failed
Constraint check end.
I: Column Clock Check open.
Read Column Clock Map.

Placement started.
Phase 1 Pre global placement started.
Phase 1.1 1st GP placement started.
Design Utilization : 2%.
Wirelength after clock region global placement is 3774.
1st GP placement takes 2.25 sec.

Phase 1.2 Clock placement started.
Mapping instance hdmi_top_inst/GTP_CLKBUFG_inst/gopclkbufg to USCM_84_108.
Mapping instance hdmi_top_inst/the_instance_name/u_pll_e3/goppll to PLL_158_303.
Mapping instance clkbufg_256/gopclkbufg to USCM_84_109.
Mapping instance clkbufg_257/gopclkbufg to USCM_84_110.
Clock placement takes 0.27 sec.

Pre global placement takes 3.72 sec.

Phase 2 Global placement started.
Phase 2.1 Fixed placement started.
Placed fixed group with base inst b_out_obuf[0]/opit_1 on IOL_327_150.
Placed fixed group with base inst b_out_obuf[1]/opit_1 on IOL_327_149.
Placed fixed group with base inst b_out_obuf[2]/opit_1 on IOL_327_166.
Placed fixed group with base inst b_out_obuf[3]/opit_1 on IOL_327_165.
Placed fixed group with base inst b_out_obuf[4]/opit_1 on IOL_327_170.
Placed fixed group with base inst b_out_obuf[5]/opit_1 on IOL_327_169.
Placed fixed group with base inst b_out_obuf[6]/opit_1 on IOL_327_137.
Placed fixed group with base inst b_out_obuf[7]/opit_1 on IOL_327_138.
Placed fixed group with base inst de_out_obuf/opit_1 on IOL_327_141.
Placed fixed group with base inst g_out_obuf[0]/opit_1 on IOL_327_202.
Placed fixed group with base inst g_out_obuf[1]/opit_1 on IOL_327_110.
Placed fixed group with base inst g_out_obuf[2]/opit_1 on IOL_327_109.
Placed fixed group with base inst g_out_obuf[3]/opit_1 on IOL_327_122.
Placed fixed group with base inst g_out_obuf[4]/opit_1 on IOL_327_121.
Placed fixed group with base inst g_out_obuf[5]/opit_1 on IOL_327_233.
Placed fixed group with base inst g_out_obuf[6]/opit_1 on IOL_327_234.
Placed fixed group with base inst g_out_obuf[7]/opit_1 on IOL_327_241.
Placed fixed group with base inst hs_out_obuf/opit_1 on IOL_327_142.
Placed fixed group with base inst iic_scl_obuf/opit_1 on IOL_327_26.
Placed fixed group with base inst iic_sda_iobuf/opit_1 on IOL_327_25.
Placed fixed group with base inst iic_tx_scl_obuf/opit_1 on IOL_327_46.
Placed fixed group with base inst iic_tx_sda_iobuf/opit_1 on IOL_327_45.
Placed fixed group with base inst led_int_obuf/opit_1 on IOL_19_374.
Placed fixed group with base inst pixclk_out_obuf/opit_1 on IOL_327_201.
Placed fixed group with base inst r_out_obuf[0]/opit_1 on IOL_327_242.
Placed fixed group with base inst r_out_obuf[1]/opit_1 on IOL_327_209.
Placed fixed group with base inst r_out_obuf[2]/opit_1 on IOL_327_229.
Placed fixed group with base inst r_out_obuf[3]/opit_1 on IOL_327_230.
Placed fixed group with base inst r_out_obuf[4]/opit_1 on IOL_327_213.
Placed fixed group with base inst r_out_obuf[5]/opit_1 on IOL_327_238.
Placed fixed group with base inst r_out_obuf[6]/opit_1 on IOL_327_237.
Placed fixed group with base inst r_out_obuf[7]/opit_1 on IOL_327_273.
Placed fixed group with base inst rstn_out_obuf/opit_1 on IOL_327_42.
Placed fixed group with base inst sys_clk_ibuf/opit_1 on IOL_327_210.
Placed fixed group with base inst vs_out_obuf/opit_1 on IOL_327_146.
Placed fixed instance clkbufg_256/gopclkbufg on USCM_84_109.
Placed fixed instance clkbufg_257/gopclkbufg on USCM_84_110.
Placed fixed instance hdmi_top_inst/GTP_CLKBUFG_inst/gopclkbufg on USCM_84_108.
Placed fixed instance hdmi_top_inst/the_instance_name/u_pll_e3/goppll on PLL_158_303.
Placed fixed instance BKCL_auto_0 on BKCL_188_376.
Placed fixed instance BKCL_auto_1 on BKCL_328_184.
Fixed placement takes 0.00 sec.

Phase 2.2 Process placement started.
Process placement takes 0.00 sec.

Phase 2.3 IO placement started.
IO placement takes 0.02 sec.

Phase 2.4 2nd GP placement started.
Run super clustering :
	Initial slack -6694.
	10 iterations finished.
	Final slack -2400.
Super clustering done.
Design Utilization : 2%.
2nd GP placement takes 1.98 sec.

Wirelength after global placement is 3162.
Global placement takes 2.00 sec.

Phase 3 Post global placement started.
Phase 3.1 Macro cell placement started.
Wirelength after macro cell placement is 3357.
Macro cell placement takes 0.00 sec.

Phase 3.2 3rd GP placement started.
Run super clustering :
	Initial slack -6694.
	10 iterations finished.
	Final slack -2400.
Super clustering done.
Design Utilization : 2%.
3rd GP placement takes 1.89 sec.

Wirelength after post global placement is 3151.
Post global placement takes 1.89 sec.

Phase 4 Legalization started.
The average distance in LP is 1.099836.
Wirelength after legalization is 3979.
Legalization takes 0.02 sec.

Phase 5 Timing-driven detailed placement started.
Phase 5.1 Replication placement started.
Worst slack before Replication Place is -1790.
Replication placement takes 0.03 sec.

Wirelength after replication placement is 3979.
Phase 5.2 DP placement started.
Legalized cost -1790.000000.
The detailed placement ends at 11th iteration.
DP placement takes 0.25 sec.

Wirelength after detailed placement is 4231.
Timing-driven detailed placement takes 0.28 sec.

Worst slack is -658, TNS after placement is -4455.
Placement done.
Total placement takes 8.09 sec.
Finished placement. (CPU time elapsed 0h:00m:08s)

Routing started.
Building routing graph takes 0.98 sec.
Worst slack is -658, TNS before global route is -4455.
Processing design graph takes 0.20 sec.
Total memory for routing:
	115.781042 M.
Total nets for routing : 965.
Rcf routing step 1 processed 0 nets, it takes 0.00 sec.
Rcf routing step 2 processed 0 nets, it takes 0.00 sec.
Rcf routing step 3 processed 0 nets, it takes 0.00 sec.
Unrouted nets 4 at the end of iteration 0.
Unrouted nets 4 at the end of iteration 1.
Unrouted nets 4 at the end of iteration 2.
Unrouted nets 4 at the end of iteration 3.
Unrouted nets 4 at the end of iteration 4.
Unrouted nets 4 at the end of iteration 5.
Unrouted nets 2 at the end of iteration 6.
Unrouted nets 2 at the end of iteration 7.
Unrouted nets 2 at the end of iteration 8.
Unrouted nets 2 at the end of iteration 9.
Unrouted nets 2 at the end of iteration 10.
Unrouted nets 2 at the end of iteration 11.
Unrouted nets 2 at the end of iteration 12.
Unrouted nets 2 at the end of iteration 13.
Unrouted nets 2 at the end of iteration 14.
Unrouted nets 2 at the end of iteration 15.
Unrouted nets 2 at the end of iteration 16.
Unrouted nets 2 at the end of iteration 17.
Unrouted nets 2 at the end of iteration 18.
Unrouted nets 2 at the end of iteration 19.
Unrouted nets 2 at the end of iteration 20.
Unrouted nets 2 at the end of iteration 21.
Unrouted nets 2 at the end of iteration 22.
Unrouted nets 2 at the end of iteration 23.
Unrouted nets 2 at the end of iteration 24.
Unrouted nets 2 at the end of iteration 25.
Unrouted nets 2 at the end of iteration 26.
Unrouted nets 2 at the end of iteration 27.
Unrouted nets 2 at the end of iteration 28.
Unrouted nets 2 at the end of iteration 29.
Unrouted nets 2 at the end of iteration 30.
Unrouted nets 2 at the end of iteration 31.
Unrouted nets 2 at the end of iteration 32.
Unrouted nets 2 at the end of iteration 33.
Unrouted nets 2 at the end of iteration 34.
Unrouted nets 2 at the end of iteration 35.
Unrouted nets 2 at the end of iteration 36.
Unrouted nets 2 at the end of iteration 37.
Unrouted nets 2 at the end of iteration 38.
Unrouted nets 2 at the end of iteration 39.
Unrouted nets 2 at the end of iteration 40.
Unrouted nets 2 at the end of iteration 41.
Unrouted nets 2 at the end of iteration 42.
Unrouted nets 2 at the end of iteration 43.
Unrouted nets 2 at the end of iteration 44.
Unrouted nets 2 at the end of iteration 45.
Unrouted nets 2 at the end of iteration 46.
Unrouted nets 2 at the end of iteration 47.
Unrouted nets 2 at the end of iteration 48.
Unrouted nets 2 at the end of iteration 49.
Global Routing step 1 processed 111 nets, it takes 0.03 sec.
Unrouted nets 139 at the end of iteration 0.
Unrouted nets 116 at the end of iteration 1.
Unrouted nets 104 at the end of iteration 2.
Unrouted nets 79 at the end of iteration 3.
Unrouted nets 66 at the end of iteration 4.
Unrouted nets 48 at the end of iteration 5.
Unrouted nets 33 at the end of iteration 6.
Unrouted nets 27 at the end of iteration 7.
Unrouted nets 23 at the end of iteration 8.
Unrouted nets 22 at the end of iteration 9.
Unrouted nets 19 at the end of iteration 10.
Unrouted nets 16 at the end of iteration 11.
Unrouted nets 15 at the end of iteration 12.
Unrouted nets 14 at the end of iteration 13.
Unrouted nets 14 at the end of iteration 14.
Unrouted nets 11 at the end of iteration 15.
Unrouted nets 12 at the end of iteration 16.
Unrouted nets 3 at the end of iteration 17.
Unrouted nets 3 at the end of iteration 18.
Unrouted nets 3 at the end of iteration 19.
Unrouted nets 3 at the end of iteration 20.
Unrouted nets 3 at the end of iteration 21.
Unrouted nets 4 at the end of iteration 22.
Unrouted nets 3 at the end of iteration 23.
Unrouted nets 3 at the end of iteration 24.
Unrouted nets 2 at the end of iteration 25.
Unrouted nets 2 at the end of iteration 26.
Unrouted nets 2 at the end of iteration 27.
Unrouted nets 2 at the end of iteration 28.
Unrouted nets 2 at the end of iteration 29.
Unrouted nets 3 at the end of iteration 30.
Unrouted nets 2 at the end of iteration 31.
Unrouted nets 2 at the end of iteration 32.
Unrouted nets 4 at the end of iteration 33.
Unrouted nets 2 at the end of iteration 34.
Unrouted nets 2 at the end of iteration 35.
Unrouted nets 2 at the end of iteration 36.
Unrouted nets 2 at the end of iteration 37.
Unrouted nets 2 at the end of iteration 38.
Unrouted nets 2 at the end of iteration 39.
Unrouted nets 2 at the end of iteration 40.
Unrouted nets 1 at the end of iteration 41.
Unrouted nets 1 at the end of iteration 42.
Unrouted nets 1 at the end of iteration 43.
Unrouted nets 1 at the end of iteration 44.
Unrouted nets 1 at the end of iteration 45.
Unrouted nets 1 at the end of iteration 46.
Unrouted nets 1 at the end of iteration 47.
Unrouted nets 1 at the end of iteration 48.
Unrouted nets 1 at the end of iteration 49.
Unrouted nets 1 at the end of iteration 50.
Unrouted nets 2 at the end of iteration 51.
Unrouted nets 1 at the end of iteration 52.
Unrouted nets 1 at the end of iteration 53.
Unrouted nets 1 at the end of iteration 54.
Unrouted nets 1 at the end of iteration 55.
Unrouted nets 1 at the end of iteration 56.
Unrouted nets 1 at the end of iteration 57.
Unrouted nets 1 at the end of iteration 58.
Unrouted nets 1 at the end of iteration 59.
Unrouted nets 1 at the end of iteration 60.
Unrouted nets 1 at the end of iteration 61.
Unrouted nets 1 at the end of iteration 62.
Unrouted nets 1 at the end of iteration 63.
Unrouted nets 1 at the end of iteration 64.
Unrouted nets 1 at the end of iteration 65.
Unrouted nets 1 at the end of iteration 66.
Unrouted nets 1 at the end of iteration 67.
Unrouted nets 1 at the end of iteration 68.
Unrouted nets 1 at the end of iteration 69.
Unrouted nets 1 at the end of iteration 70.
Unrouted nets 1 at the end of iteration 71.
Unrouted nets 1 at the end of iteration 72.
Unrouted nets 1 at the end of iteration 73.
Unrouted nets 1 at the end of iteration 74.
Unrouted nets 1 at the end of iteration 75.
Unrouted nets 1 at the end of iteration 76.
Unrouted nets 2 at the end of iteration 77.
Unrouted nets 1 at the end of iteration 78.
Unrouted nets 1 at the end of iteration 79.
Unrouted nets 1 at the end of iteration 80.
Unrouted nets 1 at the end of iteration 81.
Unrouted nets 1 at the end of iteration 82.
Unrouted nets 1 at the end of iteration 83.
Unrouted nets 1 at the end of iteration 84.
Unrouted nets 1 at the end of iteration 85.
Unrouted nets 1 at the end of iteration 86.
Unrouted nets 1 at the end of iteration 87.
Unrouted nets 1 at the end of iteration 88.
Unrouted nets 1 at the end of iteration 89.
Unrouted nets 1 at the end of iteration 90.
Unrouted nets 1 at the end of iteration 91.
Unrouted nets 1 at the end of iteration 92.
Unrouted nets 1 at the end of iteration 93.
Unrouted nets 1 at the end of iteration 94.
Unrouted nets 1 at the end of iteration 95.
Unrouted nets 1 at the end of iteration 96.
Unrouted nets 1 at the end of iteration 97.
Unrouted nets 1 at the end of iteration 98.
Unrouted nets 1 at the end of iteration 99.
Unrouted nets 1 at the end of iteration 100.
Unrouted nets 1 at the end of iteration 101.
Unrouted nets 1 at the end of iteration 102.
Unrouted nets 1 at the end of iteration 103.
Unrouted nets 1 at the end of iteration 104.
Unrouted nets 1 at the end of iteration 105.
Unrouted nets 1 at the end of iteration 106.
Unrouted nets 1 at the end of iteration 107.
Unrouted nets 1 at the end of iteration 108.
Unrouted nets 1 at the end of iteration 109.
Unrouted nets 1 at the end of iteration 110.
Unrouted nets 2 at the end of iteration 111.
Unrouted nets 2 at the end of iteration 112.
Unrouted nets 2 at the end of iteration 113.
Unrouted nets 2 at the end of iteration 114.
Unrouted nets 2 at the end of iteration 115.
Unrouted nets 2 at the end of iteration 116.
Unrouted nets 3 at the end of iteration 117.
Unrouted nets 3 at the end of iteration 118.
Unrouted nets 4 at the end of iteration 119.
Unrouted nets 2 at the end of iteration 120.
Unrouted nets 1 at the end of iteration 121.
Unrouted nets 1 at the end of iteration 122.
Unrouted nets 1 at the end of iteration 123.
Unrouted nets 1 at the end of iteration 124.
Unrouted nets 1 at the end of iteration 125.
Unrouted nets 1 at the end of iteration 126.
Unrouted nets 1 at the end of iteration 127.
Unrouted nets 1 at the end of iteration 128.
Unrouted nets 1 at the end of iteration 129.
Unrouted nets 0 at the end of iteration 130.
Global Routing step 2 processed 220 nets, it takes 1.53 sec.
Unrouted nets 4 at the end of iteration 0.
Unrouted nets 0 at the end of iteration 1.
Global Routing step 3 processed 12 nets, it takes 0.00 sec.
Global routing takes 1.59 sec.
Total 987 subnets.
    forward max bucket size 2666 , backward 265.
        Unrouted nets 498 at the end of iteration 0.
    route iteration 0, CPU time elapsed 0.046875 sec.
    forward max bucket size 55 , backward 23.
        Unrouted nets 377 at the end of iteration 1.
    route iteration 1, CPU time elapsed 0.031250 sec.
    forward max bucket size 397 , backward 383.
        Unrouted nets 290 at the end of iteration 2.
    route iteration 2, CPU time elapsed 0.015625 sec.
    forward max bucket size 24 , backward 16.
        Unrouted nets 214 at the end of iteration 3.
    route iteration 3, CPU time elapsed 0.015625 sec.
    forward max bucket size 19 , backward 30.
        Unrouted nets 157 at the end of iteration 4.
    route iteration 4, CPU time elapsed 0.015625 sec.
    forward max bucket size 19 , backward 23.
        Unrouted nets 117 at the end of iteration 5.
    route iteration 5, CPU time elapsed 0.000000 sec.
    forward max bucket size 25 , backward 22.
        Unrouted nets 79 at the end of iteration 6.
    route iteration 6, CPU time elapsed 0.015625 sec.
    forward max bucket size 18 , backward 15.
        Unrouted nets 49 at the end of iteration 7.
    route iteration 7, CPU time elapsed 0.000000 sec.
    forward max bucket size 15 , backward 18.
        Unrouted nets 37 at the end of iteration 8.
    route iteration 8, CPU time elapsed 0.000000 sec.
    forward max bucket size 15 , backward 16.
        Unrouted nets 32 at the end of iteration 9.
    route iteration 9, CPU time elapsed 0.000000 sec.
    forward max bucket size 21 , backward 23.
        Unrouted nets 16 at the end of iteration 10.
    route iteration 10, CPU time elapsed 0.015625 sec.
    forward max bucket size 23 , backward 13.
        Unrouted nets 14 at the end of iteration 11.
    route iteration 11, CPU time elapsed 0.000000 sec.
    forward max bucket size 23 , backward 13.
        Unrouted nets 6 at the end of iteration 12.
    route iteration 12, CPU time elapsed 0.000000 sec.
    forward max bucket size 12 , backward 7.
        Unrouted nets 4 at the end of iteration 13.
    route iteration 13, CPU time elapsed 0.000000 sec.
    forward max bucket size 11 , backward 7.
        Unrouted nets 4 at the end of iteration 14.
    route iteration 14, CPU time elapsed 0.000000 sec.
    forward max bucket size 11 , backward 8.
        Unrouted nets 4 at the end of iteration 15.
    route iteration 15, CPU time elapsed 0.000000 sec.
    forward max bucket size 12 , backward 6.
        Unrouted nets 3 at the end of iteration 16.
    route iteration 16, CPU time elapsed 0.000000 sec.
    forward max bucket size 18 , backward 9.
        Unrouted nets 5 at the end of iteration 17.
    route iteration 17, CPU time elapsed 0.000000 sec.
    forward max bucket size 11 , backward 9.
        Unrouted nets 2 at the end of iteration 18.
    route iteration 18, CPU time elapsed 0.000000 sec.
    forward max bucket size 12 , backward 9.
        Unrouted nets 0 at the end of iteration 19.
    route iteration 19, CPU time elapsed 0.000000 sec.
Detailed routing takes 19 iterations
Detailed routing takes 0.17 sec.
Start fix hold violation.
Build tmp routing results takes 0.02 sec.
Timing analysis takes 0.05 sec.
No hold violation.
Hold Violation Fix in router takes 0 iterations.
Fix hold violation Finished.
Hold Violation Fix in router takes 0.12 sec.

Dispose routing result:
    Collect routing result.
    Delete unused device instances.
    Annotate routing result.
    Change LUT configuration.
    Dispose misc instances.
    Annotate routing result again.
Finish routing takes 0.08 sec.
Used SRB routing arc is 6950.
Cleanup routing takes 0.02 sec.
Routing done.
Total routing takes 3.48 sec.


Device Utilization Summary :
+---------------------------------------------------------------------------+
| Logic Utilization        | Used     | Available     | Utilization(%)     
+---------------------------------------------------------------------------+
| Use of APM               | 0        | 84            | 0                  
| Use of BKCL              | 2        | 4             | 50                 
| Use of CLMA              | 123      | 6450          | 2                  
|   FF                     | 201      | 38700         | 1                  
|   LUT                    | 359      | 25800         | 2                  
|   LUT-FF pairs           | 85       | 25800         | 1                  
| Use of CLMS              | 92       | 4250          | 3                  
|   FF                     | 179      | 25500         | 1                  
|   LUT                    | 289      | 17000         | 2                  
|   LUT-FF pairs           | 79       | 17000         | 1                  
|   Distributed RAM        | 0        | 17000         | 0                  
| Use of CRYSTAL           | 0        | 2             | 0                  
| Use of DLL               | 0        | 10            | 0                  
| Use of DQSL              | 0        | 18            | 0                  
| Use of DRM               | 1.5      | 134           | 2                  
| Use of FUSECODE          | 0        | 1             | 0                  
| Use of HARD0N1           | 68       | 6672          | 2                  
| Use of HSST              | 0        | 1             | 0                  
| Use of IO                | 35       | 296           | 12                 
|   IOBD                   | 1        | 64            | 2                  
|   IOBR_LR                | 1        | 7             | 15                 
|   IOBR_TB                | 0        | 8             | 0                  
|   IOBS_LR                | 33       | 161           | 21                 
|   IOBS_TB                | 0        | 56            | 0                  
| Use of IOCKDIV           | 0        | 20            | 0                  
| Use of IOCKDLY           | 0        | 40            | 0                  
| Use of IOCKGATE          | 0        | 20            | 0                  
| Use of IOCKGMUX_TEST     | 0        | 20            | 0                  
| Use of IOL               | 35       | 400           | 9                  
| Use of IPAL              | 0        | 1             | 0                  
| Use of LDO               | 0        | 4             | 0                  
| Use of MFG_TEST          | 0        | 1             | 0                  
| Use of OSC               | 0        | 1             | 0                  
| Use of PCIE              | 0        | 1             | 0                  
| Use of PIOMUX_TEST       | 0        | 10            | 0                  
| Use of PLL               | 1        | 5             | 20                 
| Use of PREGMUX_TEST      | 0        | 6             | 0                  
| Use of RCKB              | 0        | 24            | 0                  
| Use of RCKBMUX_TEST      | 0        | 12            | 0                  
| Use of RESCAL            | 0        | 4             | 0                  
| Use of SCANCHAIN         | 0        | 2             | 0                  
| Use of START             | 1        | 1             | 100                
| Use of UDID              | 0        | 1             | 0                  
| Use of USCM              | 4        | 30            | 14                 
| Use of USCMMUX_TEST      | 0        | 30            | 0                  
| Use of VCKBMUX_TEST      | 0        | 12            | 0                  
+---------------------------------------------------------------------------+

Finished routing. (CPU time elapsed 0h:00m:03s)
Design 'top' has been placed and routed successfully.
Saving design to DB.
Finished placement and routing. (CPU time elapsed 0h:00m:15s)
Action pnr: Real time elapsed is 0h:0m:18s
Action pnr: CPU time elapsed is 0h:0m:16s
Action pnr: Process CPU time elapsed is 0h:0m:16s
Current time: Tue May 16 01:31:51 2023
Action pnr: Peak memory pool usage is 786 MB
