#Build: Fabric Compiler 2022.1, Build 99559, Jul 12 00:20 2022
#Install: E:\software\PDS_2022.1\bin
#Application name: pds_shell.exe
#OS: Windows 10 10.0.22000
#Hostname: DESKTOP-7S7UGPP
Generated by Fabric Compiler (version 2022.1 build 99559) at Tue May 16 01:17:40 2023
Compiling verification operator library.
Compiling common defs.
Loading technology operator library.
Compiling technology operator library.
Compiling technology operator (valence) library.
Compiling operator packing rules.
Compiling prim grid devices.
Compiling gate devices.
Compiling gate operators.
Compiling tech operator impls.
Building architecture model.
Loading device packaging model.
Reading design from translate DB.
Building architecture floorplan logic view.
Compiling file "C:/Users/wkk/Desktop/program/program/synthesize/top.vm"
W: CompilerVer-4003: [C:/Users/wkk/Desktop/program/program/synthesize/top.vm(line number: 79)] Compiler directive '`timescale 100 ps/100 ps' is ignored.
W: CompilerVer-4007: Port CIN have no connected net.
W: CompilerVer-4007: Port CIN have no connected net.
W: CompilerVer-4007: Port CIN have no connected net.
W: CompilerVer-4007: Port CIN have no connected net.
W: CompilerVer-4007: Port CIN have no connected net.
W: CompilerVer-4007: Port CIN have no connected net.
W: CompilerVer-4007: Port CIN have no connected net.
W: CompilerVer-4007: Port CIN have no connected net.
W: CompilerVer-4007: Port CIN have no connected net.
W: CompilerVer-4007: Port CIN have no connected net.
W: CompilerVer-4007: Port CIN have no connected net.
W: CompilerVer-4007: Port CIN have no connected net.
W: CompilerVer-4007: Port CIN have no connected net.
W: CompilerVer-4007: Port CIN have no connected net.
W: CompilerVer-4007: Port CIN have no connected net.
Elaborating design 'top'.
Constraint check start.
Executing : get_pins hdmi_top_inst/the_instance_name/u_pll_e3:CLKOUT1
Executing : get_pins hdmi_top_inst/the_instance_name/u_pll_e3:CLKOUT1 successfully.
Executing : create_clock -period 4.867 -waveform {0.000 2.433} -name sys_pll|clkout1_inferred_clock [get_pins hdmi_top_inst/the_instance_name/u_pll_e3:CLKOUT1]
Executing : create_clock -period 4.867 -waveform {0.000 2.433} -name sys_pll|clkout1_inferred_clock [get_pins hdmi_top_inst/the_instance_name/u_pll_e3:CLKOUT1] successfully.
Executing : get_pins hdmi_top_inst/the_instance_name/u_pll_e3:CLKOUT0
Executing : get_pins hdmi_top_inst/the_instance_name/u_pll_e3:CLKOUT0 successfully.
Executing : create_clock -period 3.060 -waveform {0.000 1.530} -name sys_pll|clkout0_inferred_clock [get_pins hdmi_top_inst/the_instance_name/u_pll_e3:CLKOUT0]
Executing : create_clock -period 3.060 -waveform {0.000 1.530} -name sys_pll|clkout0_inferred_clock [get_pins hdmi_top_inst/the_instance_name/u_pll_e3:CLKOUT0] successfully.
Executing : set_clock_groups -asynchronous -group sys_pll|clkout1_inferred_clock
Executing : set_clock_groups -asynchronous -group sys_pll|clkout1_inferred_clock successfully.
Executing : set_clock_groups -asynchronous -group sys_pll|clkout0_inferred_clock
Executing : set_clock_groups -asynchronous -group sys_pll|clkout0_inferred_clock successfully.
Executing : get_clocks sys_pll|clkout1_inferred_clock
Executing : get_clocks sys_pll|clkout1_inferred_clock successfully.
Executing : set_clock_groups -name Autoconstr_clkgroup_0_1 -asynchronous -group [get_clocks sys_pll|clkout1_inferred_clock]
Executing : set_clock_groups -name Autoconstr_clkgroup_0_1 -asynchronous -group [get_clocks sys_pll|clkout1_inferred_clock] successfully.
Executing : get_clocks sys_pll|clkout0_inferred_clock
Executing : get_clocks sys_pll|clkout0_inferred_clock successfully.
Executing : set_clock_groups -name Autoconstr_clkgroup_0_2 -asynchronous -group [get_clocks sys_pll|clkout0_inferred_clock]
Executing : set_clock_groups -name Autoconstr_clkgroup_0_2 -asynchronous -group [get_clocks sys_pll|clkout0_inferred_clock] successfully.
W: ConstraintEditor-4026: [C:/Users/wkk/Desktop/program/program/synthesize/synplify.lcf(line number: 415)] PAP_IO_DRIVE is already defined in p:iic_scl, new value 8 will overwrite the current value.
W: ConstraintEditor-4026: [C:/Users/wkk/Desktop/program/program/synthesize/synplify.lcf(line number: 418)] PAP_IO_LOC is already defined in p:iic_scl, new value V19 will overwrite the current value.
W: ConstraintEditor-4026: [C:/Users/wkk/Desktop/program/program/synthesize/synplify.lcf(line number: 423)] PAP_IO_DRIVE is already defined in p:iic_sda, new value 8 will overwrite the current value.
W: ConstraintEditor-4026: [C:/Users/wkk/Desktop/program/program/synthesize/synplify.lcf(line number: 426)] PAP_IO_LOC is already defined in p:iic_sda, new value V20 will overwrite the current value.
W: ConstraintEditor-4026: [C:/Users/wkk/Desktop/program/program/synthesize/synplify.lcf(line number: 431)] PAP_IO_DRIVE is already defined in p:iic_tx_scl, new value 8 will overwrite the current value.
W: ConstraintEditor-4026: [C:/Users/wkk/Desktop/program/program/synthesize/synplify.lcf(line number: 434)] PAP_IO_LOC is already defined in p:iic_tx_scl, new value P17 will overwrite the current value.
W: ConstraintEditor-4026: [C:/Users/wkk/Desktop/program/program/synthesize/synplify.lcf(line number: 439)] PAP_IO_DRIVE is already defined in p:iic_tx_sda, new value 8 will overwrite the current value.
W: ConstraintEditor-4026: [C:/Users/wkk/Desktop/program/program/synthesize/synplify.lcf(line number: 442)] PAP_IO_LOC is already defined in p:iic_tx_sda, new value P18 will overwrite the current value.
W: ConstraintEditor-4026: [C:/Users/wkk/Desktop/program/program/synthesize/synplify.lcf(line number: 480)] PAP_IO_DRIVE is already defined in p:hs_out, new value 8 will overwrite the current value.
W: ConstraintEditor-4026: [C:/Users/wkk/Desktop/program/program/synthesize/synplify.lcf(line number: 483)] PAP_IO_LOC is already defined in p:hs_out, new value Y21 will overwrite the current value.
W: ConstraintEditor-4026: [C:/Users/wkk/Desktop/program/program/synthesize/synplify.lcf(line number: 487)] PAP_IO_DRIVE is already defined in p:de_out, new value 8 will overwrite the current value.
W: ConstraintEditor-4026: [C:/Users/wkk/Desktop/program/program/synthesize/synplify.lcf(line number: 490)] PAP_IO_LOC is already defined in p:de_out, new value Y22 will overwrite the current value.
W: ConstraintEditor-4031: [C:/Users/wkk/Desktop/program/program/synthesize/synplify.lcf(line number: 412)] BUS_KEEPER attribute have been defined already, current attribute PAP_IO_UNUSED will overwrite the old attribute PAP_IO_NONE.
C: ConstraintEditor-2002: [C:/Users/wkk/Desktop/program/program/synthesize/synplify.lcf(line number: 418)] | Port iic_scl has been placed at location V19, whose type is share pin.
W: ConstraintEditor-4031: [C:/Users/wkk/Desktop/program/program/synthesize/synplify.lcf(line number: 420)] BUS_KEEPER attribute have been defined already, current attribute PAP_IO_UNUSED will overwrite the old attribute PAP_IO_NONE.
C: ConstraintEditor-2002: [C:/Users/wkk/Desktop/program/program/synthesize/synplify.lcf(line number: 426)] | Port iic_sda has been placed at location V20, whose type is share pin.
W: ConstraintEditor-4031: [C:/Users/wkk/Desktop/program/program/synthesize/synplify.lcf(line number: 428)] BUS_KEEPER attribute have been defined already, current attribute PAP_IO_UNUSED will overwrite the old attribute PAP_IO_NONE.
W: ConstraintEditor-4031: [C:/Users/wkk/Desktop/program/program/synthesize/synplify.lcf(line number: 436)] BUS_KEEPER attribute have been defined already, current attribute PAP_IO_UNUSED will overwrite the old attribute PAP_IO_NONE.
C: ConstraintEditor-2002: [C:/Users/wkk/Desktop/program/program/synthesize/synplify.lcf(line number: 156)] | Port g_in[1] has been placed at location V17, whose type is share pin.
C: ConstraintEditor-2002: [C:/Users/wkk/Desktop/program/program/synthesize/synplify.lcf(line number: 161)] | Port g_in[2] has been placed at location W18, whose type is share pin.
C: ConstraintEditor-2002: [C:/Users/wkk/Desktop/program/program/synthesize/synplify.lcf(line number: 166)] | Port g_in[3] has been placed at location AB19, whose type is share pin.
C: ConstraintEditor-2002: [C:/Users/wkk/Desktop/program/program/synthesize/synplify.lcf(line number: 171)] | Port g_in[4] has been placed at location AA18, whose type is share pin.
C: ConstraintEditor-2002: [C:/Users/wkk/Desktop/program/program/synthesize/synplify.lcf(line number: 176)] | Port g_in[5] has been placed at location AB18, whose type is share pin.
C: ConstraintEditor-2002: [C:/Users/wkk/Desktop/program/program/synthesize/synplify.lcf(line number: 237)] | Port r_out[0] has been placed at location K17, whose type is share pin.
C: ConstraintEditor-2002: [C:/Users/wkk/Desktop/program/program/synthesize/synplify.lcf(line number: 272)] | Port r_out[5] has been placed at location H21, whose type is share pin.
C: ConstraintEditor-2002: [C:/Users/wkk/Desktop/program/program/synthesize/synplify.lcf(line number: 279)] | Port r_out[6] has been placed at location H22, whose type is share pin.
C: ConstraintEditor-2002: [C:/Users/wkk/Desktop/program/program/synthesize/synplify.lcf(line number: 286)] | Port r_out[7] has been placed at location H19, whose type is share pin.
C: ConstraintEditor-2002: [C:/Users/wkk/Desktop/program/program/synthesize/synplify.lcf(line number: 293)] | Port g_out[0] has been placed at location M21, whose type is share pin.
C: ConstraintEditor-2002: [C:/Users/wkk/Desktop/program/program/synthesize/synplify.lcf(line number: 328)] | Port g_out[5] has been placed at location L19, whose type is share pin.
C: ConstraintEditor-2002: [C:/Users/wkk/Desktop/program/program/synthesize/synplify.lcf(line number: 335)] | Port g_out[6] has been placed at location K20, whose type is share pin.
C: ConstraintEditor-2002: [C:/Users/wkk/Desktop/program/program/synthesize/synplify.lcf(line number: 342)] | Port g_out[7] has been placed at location L17, whose type is share pin.
C: ConstraintEditor-2002: [C:/Users/wkk/Desktop/program/program/synthesize/synplify.lcf(line number: 363)] | Port b_out[2] has been placed at location T21, whose type is share pin.
C: ConstraintEditor-2002: [C:/Users/wkk/Desktop/program/program/synthesize/synplify.lcf(line number: 377)] | Port b_out[4] has been placed at location R20, whose type is share pin.
C: ConstraintEditor-2002: [C:/Users/wkk/Desktop/program/program/synthesize/synplify.lcf(line number: 384)] | Port b_out[5] has been placed at location R22, whose type is share pin.
C: ConstraintEditor-2002: [C:/Users/wkk/Desktop/program/program/synthesize/synplify.lcf(line number: 447)] | Port pixclk_in has been placed at location AA12, whose type is share pin.
C: ConstraintEditor-2002: [C:/Users/wkk/Desktop/program/program/synthesize/synplify.lcf(line number: 469)] | Port pixclk_out has been placed at location M22, whose type is share pin.
Constraint check end.
Design 'top' has been translated successfully.
Flattening design 'top'
Device mapping started.
Optimizing circuit logic.
Checking design netlist.
Processing tech operator.
I: The instance clkbufg_256(GTP_CLKBUFG) has been inserted on the net hdmi_top_inst/cfg_clk_10m [0] in design, driver pin CLKOUT1(instance hdmi_top_inst/the_instance_name/u_pll_e3) -> load pin CLK(instance hdmi_top_inst/ms72xx_ctl/iic_dri_rx/busy).
I: The instance clkbufg_257(GTP_CLKBUFG) has been inserted on the net pixclk_out_Z[0] in design, driver pin CLKOUT0(instance hdmi_top_inst/the_instance_name/u_pll_e3) -> load pin CLK(instance hdmi_top_inst/pattern_vg/b_out_1[0]).
Converting tech operator to gate operator.
Processing gate operator.
I: Infer CARRY group, base inst: hdmi_top_inst/un1_rstn_1ms_cry_0/gateop, insts:16.
I: Infer CARRY group, base inst: hdmi_top_inst/sync_vg/h_count_cry[0]/gateop, insts:12.
I: Infer CARRY group, base inst: hdmi_top_inst/sync_vg/un1_v_count_12_cry_0_cy/gateop, insts:13.
I: Infer CARRY group, base inst: hdmi_top_inst/sync_vg/un2_x_act_cry_6/gateop, insts:6.
I: Infer CARRY group, base inst: hdmi_top_inst/ms72xx_ctl/iic_dri_rx/sda_out55_cry_cin[0]/gateop, insts:3.
I: Infer CARRY group, base inst: hdmi_top_inst/ms72xx_ctl/iic_dri_rx/un1_twr_cnt_1_cry_0/gateop, insts:27.
I: Infer CARRY group, base inst: hdmi_top_inst/ms72xx_ctl/iic_dri_rx/un3_fre_cnt_cry_0/gateop, insts:21.
I: Infer CARRY group, base inst: hdmi_top_inst/ms72xx_ctl/iic_dri_tx/sda_out55_cry_cin[0]/gateop, insts:3.
I: Infer CARRY group, base inst: hdmi_top_inst/ms72xx_ctl/iic_dri_tx/un1_twr_cnt_1_cry_0/gateop, insts:27.
I: Infer CARRY group, base inst: hdmi_top_inst/ms72xx_ctl/iic_dri_tx/un3_fre_cnt_cry_0/gateop, insts:21.
I: Infer CARRY group, base inst: hdmi_top_inst/ms72xx_ctl/ms7200_ctl/cmd_index_cry[0]/gateop, insts:9.
I: Infer CARRY group, base inst: hdmi_top_inst/ms72xx_ctl/ms7200_ctl/dri_cnt_cry[0]/gateop, insts:9.
I: Infer CARRY group, base inst: hdmi_top_inst/ms72xx_ctl/ms7210_ctl/cmd_index_cry[0]/gateop, insts:6.
I: Infer CARRY group, base inst: hdmi_top_inst/ms72xx_ctl/ms7210_ctl/delay_cnt_cry[0]/gateop, insts:22.
I: Infer CARRY group, base inst: hdmi_top_inst/ms72xx_ctl/ms7210_ctl/dri_cnt_cry[0]/gateop, insts:5.
Device mapping done.
Total device mapping takes 0.08 sec.

Device Utilization Summary:
+------------------------------------------------------------------------+
| Logic Utilization     | Used     | Available     | Utilization(%)     
+------------------------------------------------------------------------+
| APM                   | 0        | 84            | 0                  
| IOCKDLY               | 0        | 40            | 0                  
| FF                    | 380      | 64200         | 1                  
| LUT                   | 648      | 42800         | 2                  
| Distributed RAM       | 0        | 17000         | 0                  
| DLL                   | 0        | 10            | 0                  
| DQSL                  | 0        | 18            | 0                  
| DRM                   | 1.5      | 134           | 2                  
| FUSECODE              | 0        | 1             | 0                  
| IO                    | 35       | 296           | 12                 
| IOCKDIV               | 0        | 20            | 0                  
| IOCKGATE              | 0        | 20            | 0                  
| IPAL                  | 0        | 1             | 0                  
| PLL                   | 1        | 5             | 20                 
| RCKB                  | 0        | 24            | 0                  
| SCANCHAIN             | 0        | 2             | 0                  
| START                 | 0        | 1             | 0                  
| USCM                  | 3        | 30            | 10                 
| HSST                  | 0        | 1             | 0                  
| OSC                   | 0        | 1             | 0                  
| CRYSTAL               | 0        | 2             | 0                  
| RESCAL                | 0        | 4             | 0                  
| UDID                  | 0        | 1             | 0                  
| PCIE                  | 0        | 1             | 0                  
+------------------------------------------------------------------------+

Design 'top' has been successfully mapped to architecture-specific objects.
Saving design to DB.
W: Public-4010: Pcf file C:/Users/wkk/Desktop/program/program/device_map/top.pcf has been covered.
Action dev_map: Real time elapsed is 0h:0m:4s
Action dev_map: CPU time elapsed is 0h:0m:2s
Action dev_map: Process CPU time elapsed is 0h:0m:2s
Current time: Tue May 16 01:17:43 2023
Action dev_map: Peak memory pool usage is 244 MB
